{'loss': 10.8039, 'learning_rate': 5.000000000000001e-07, 'epoch': 0.0}
{'loss': 10.2254, 'learning_rate': 1e-05, 'epoch': 0.02}
{'loss': 9.0418, 'learning_rate': 2e-05, 'epoch': 0.04}
{'loss': 6.9255, 'learning_rate': 3e-05, 'epoch': 0.06}
{'loss': 3.3479, 'learning_rate': 4e-05, 'epoch': 0.08}
{'loss': 0.4747, 'learning_rate': 5e-05, 'epoch': 0.1}
{'eval_loss': 0.21155385673046112, 'eval_runtime': 238.3584, 'eval_samples_per_second': 125.861, 'eval_steps_per_second': 0.789, 'epoch': 0.1}
{'loss': 0.1842, 'learning_rate': 4.9655172413793107e-05, 'epoch': 0.12}
{'loss': 0.1531, 'learning_rate': 4.931034482758621e-05, 'epoch': 0.14}
{'loss': 0.1438, 'learning_rate': 4.896551724137931e-05, 'epoch': 0.16}
{'loss': 0.1388, 'learning_rate': 4.862068965517241e-05, 'epoch': 0.18}
{'loss': 0.1351, 'learning_rate': 4.827586206896552e-05, 'epoch': 0.2}
{'eval_loss': 0.12757495045661926, 'eval_runtime': 204.7732, 'eval_samples_per_second': 146.504, 'eval_steps_per_second': 0.918, 'epoch': 0.2}
{'loss': 0.1294, 'learning_rate': 4.793103448275863e-05, 'epoch': 0.22}
{'loss': 0.1234, 'learning_rate': 4.7586206896551725e-05, 'epoch': 0.24}
{'loss': 0.1263, 'learning_rate': 4.724137931034483e-05, 'epoch': 0.26}
{'loss': 0.1223, 'learning_rate': 4.689655172413793e-05, 'epoch': 0.28}
{'loss': 0.1219, 'learning_rate': 4.655172413793104e-05, 'epoch': 0.3}
{'eval_loss': 0.11752688884735107, 'eval_runtime': 208.6085, 'eval_samples_per_second': 143.81, 'eval_steps_per_second': 0.901, 'epoch': 0.3}
{'loss': 0.1186, 'learning_rate': 4.6206896551724135e-05, 'epoch': 0.32}
{'loss': 0.1168, 'learning_rate': 4.586206896551724e-05, 'epoch': 0.34}
{'loss': 0.1175, 'learning_rate': 4.551724137931035e-05, 'epoch': 0.36}
{'loss': 0.1126, 'learning_rate': 4.5172413793103454e-05, 'epoch': 0.38}
{'loss': 0.1162, 'learning_rate': 4.482758620689655e-05, 'epoch': 0.4}
{'eval_loss': 0.11163260042667389, 'eval_runtime': 210.5181, 'eval_samples_per_second': 142.506, 'eval_steps_per_second': 0.893, 'epoch': 0.4}
{'loss': 0.1153, 'learning_rate': 4.4482758620689656e-05, 'epoch': 0.42}
{'loss': 0.1135, 'learning_rate': 4.413793103448276e-05, 'epoch': 0.44}
{'loss': 0.114, 'learning_rate': 4.3793103448275864e-05, 'epoch': 0.46}
{'loss': 0.1125, 'learning_rate': 4.344827586206897e-05, 'epoch': 0.48}
{'loss': 0.1143, 'learning_rate': 4.3103448275862066e-05, 'epoch': 0.5}
{'eval_loss': 0.10742228478193283, 'eval_runtime': 207.3917, 'eval_samples_per_second': 144.654, 'eval_steps_per_second': 0.906, 'epoch': 0.5}
{'loss': 0.1098, 'learning_rate': 4.275862068965518e-05, 'epoch': 0.52}
{'loss': 0.1061, 'learning_rate': 4.241379310344828e-05, 'epoch': 0.54}
{'loss': 0.1098, 'learning_rate': 4.2068965517241385e-05, 'epoch': 0.56}
{'loss': 0.1081, 'learning_rate': 4.172413793103448e-05, 'epoch': 0.58}
{'loss': 0.1037, 'learning_rate': 4.1379310344827587e-05, 'epoch': 0.6}
{'eval_loss': 0.10419873148202896, 'eval_runtime': 206.5416, 'eval_samples_per_second': 145.249, 'eval_steps_per_second': 0.91, 'epoch': 0.6}
{'loss': 0.1034, 'learning_rate': 4.103448275862069e-05, 'epoch': 0.62}
{'loss': 0.1061, 'learning_rate': 4.0689655172413795e-05, 'epoch': 0.64}
{'loss': 0.103, 'learning_rate': 4.03448275862069e-05, 'epoch': 0.66}
{'loss': 0.1061, 'learning_rate': 4e-05, 'epoch': 0.68}
{'loss': 0.106, 'learning_rate': 3.965517241379311e-05, 'epoch': 0.7}
{'eval_loss': 0.10163881629705429, 'eval_runtime': 206.741, 'eval_samples_per_second': 145.109, 'eval_steps_per_second': 0.909, 'epoch': 0.7}
{'loss': 0.1078, 'learning_rate': 3.931034482758621e-05, 'epoch': 0.72}
{'loss': 0.1022, 'learning_rate': 3.896551724137931e-05, 'epoch': 0.74}
{'loss': 0.1013, 'learning_rate': 3.862068965517241e-05, 'epoch': 0.76}
{'loss': 0.1046, 'learning_rate': 3.827586206896552e-05, 'epoch': 0.78}
{'loss': 0.1042, 'learning_rate': 3.793103448275862e-05, 'epoch': 0.8}
{'eval_loss': 0.09941728413105011, 'eval_runtime': 206.0029, 'eval_samples_per_second': 145.629, 'eval_steps_per_second': 0.913, 'epoch': 0.8}
{'loss': 0.1035, 'learning_rate': 3.7586206896551726e-05, 'epoch': 0.82}
{'loss': 0.1061, 'learning_rate': 3.724137931034483e-05, 'epoch': 0.84}
{'loss': 0.1039, 'learning_rate': 3.6896551724137934e-05, 'epoch': 0.86}
{'loss': 0.102, 'learning_rate': 3.655172413793104e-05, 'epoch': 0.88}
{'loss': 0.0989, 'learning_rate': 3.620689655172414e-05, 'epoch': 0.9}
{'eval_loss': 0.09781719744205475, 'eval_runtime': 206.2558, 'eval_samples_per_second': 145.45, 'eval_steps_per_second': 0.911, 'epoch': 0.9}
{'loss': 0.0995, 'learning_rate': 3.586206896551724e-05, 'epoch': 0.92}
{'loss': 0.1002, 'learning_rate': 3.5517241379310344e-05, 'epoch': 0.94}
{'loss': 0.1022, 'learning_rate': 3.517241379310345e-05, 'epoch': 0.96}
{'loss': 0.1031, 'learning_rate': 3.482758620689655e-05, 'epoch': 0.98}
{'loss': 0.0957, 'learning_rate': 3.4482758620689657e-05, 'epoch': 1.0}
{'eval_loss': 0.09614597260951996, 'eval_runtime': 208.3034, 'eval_samples_per_second': 144.021, 'eval_steps_per_second': 0.903, 'epoch': 1.0}
{'loss': 0.083, 'learning_rate': 3.413793103448276e-05, 'epoch': 1.02}
{'loss': 0.0822, 'learning_rate': 3.3793103448275865e-05, 'epoch': 1.04}
{'loss': 0.0876, 'learning_rate': 3.344827586206897e-05, 'epoch': 1.06}
{'loss': 0.0865, 'learning_rate': 3.310344827586207e-05, 'epoch': 1.08}
{'loss': 0.0838, 'learning_rate': 3.275862068965517e-05, 'epoch': 1.1}
{'eval_loss': 0.09588753432035446, 'eval_runtime': 224.5992, 'eval_samples_per_second': 133.571, 'eval_steps_per_second': 0.837, 'epoch': 1.1}
{'loss': 0.0824, 'learning_rate': 3.2413793103448275e-05, 'epoch': 1.12}
{'loss': 0.0847, 'learning_rate': 3.206896551724138e-05, 'epoch': 1.14}
{'loss': 0.0821, 'learning_rate': 3.172413793103448e-05, 'epoch': 1.16}
{'loss': 0.0823, 'learning_rate': 3.137931034482759e-05, 'epoch': 1.18}
{'loss': 0.0835, 'learning_rate': 3.103448275862069e-05, 'epoch': 1.2}
{'eval_loss': 0.09475833177566528, 'eval_runtime': 208.5152, 'eval_samples_per_second': 143.874, 'eval_steps_per_second': 0.902, 'epoch': 1.2}
{'loss': 0.0832, 'learning_rate': 3.0689655172413796e-05, 'epoch': 1.22}
{'loss': 0.0799, 'learning_rate': 3.0344827586206897e-05, 'epoch': 1.24}
{'loss': 0.0804, 'learning_rate': 3e-05, 'epoch': 1.26}
{'loss': 0.0854, 'learning_rate': 2.96551724137931e-05, 'epoch': 1.28}
{'loss': 0.083, 'learning_rate': 2.9310344827586206e-05, 'epoch': 1.3}
{'eval_loss': 0.09382037073373795, 'eval_runtime': 208.1357, 'eval_samples_per_second': 144.137, 'eval_steps_per_second': 0.903, 'epoch': 1.3}
{'loss': 0.0853, 'learning_rate': 2.8965517241379313e-05, 'epoch': 1.32}
{'loss': 0.0834, 'learning_rate': 2.8620689655172417e-05, 'epoch': 1.34}
{'loss': 0.0774, 'learning_rate': 2.8275862068965518e-05, 'epoch': 1.36}
{'loss': 0.0763, 'learning_rate': 2.7931034482758622e-05, 'epoch': 1.38}
{'loss': 0.0784, 'learning_rate': 2.7586206896551727e-05, 'epoch': 1.4}
{'eval_loss': 0.09293524920940399, 'eval_runtime': 207.1011, 'eval_samples_per_second': 144.857, 'eval_steps_per_second': 0.908, 'epoch': 1.4}
{'loss': 0.0809, 'learning_rate': 2.7241379310344827e-05, 'epoch': 1.42}
{'loss': 0.0829, 'learning_rate': 2.689655172413793e-05, 'epoch': 1.44}
{'loss': 0.0815, 'learning_rate': 2.6551724137931032e-05, 'epoch': 1.46}
{'loss': 0.0798, 'learning_rate': 2.620689655172414e-05, 'epoch': 1.48}
{'loss': 0.0808, 'learning_rate': 2.5862068965517244e-05, 'epoch': 1.5}
{'eval_loss': 0.09193164855241776, 'eval_runtime': 205.9811, 'eval_samples_per_second': 145.644, 'eval_steps_per_second': 0.913, 'epoch': 1.5}
{'loss': 0.0819, 'learning_rate': 2.551724137931035e-05, 'epoch': 1.52}
{'loss': 0.0844, 'learning_rate': 2.517241379310345e-05, 'epoch': 1.54}
{'loss': 0.0812, 'learning_rate': 2.4827586206896553e-05, 'epoch': 1.56}
{'loss': 0.0807, 'learning_rate': 2.4482758620689654e-05, 'epoch': 1.58}
{'loss': 0.0801, 'learning_rate': 2.413793103448276e-05, 'epoch': 1.6}
{'eval_loss': 0.09155240654945374, 'eval_runtime': 218.1529, 'eval_samples_per_second': 137.518, 'eval_steps_per_second': 0.862, 'epoch': 1.6}
{'loss': 0.0799, 'learning_rate': 2.3793103448275862e-05, 'epoch': 1.62}
{'loss': 0.077, 'learning_rate': 2.3448275862068967e-05, 'epoch': 1.64}
{'loss': 0.0816, 'learning_rate': 2.3103448275862067e-05, 'epoch': 1.66}
{'loss': 0.0828, 'learning_rate': 2.2758620689655175e-05, 'epoch': 1.68}
{'loss': 0.0783, 'learning_rate': 2.2413793103448276e-05, 'epoch': 1.7}
{'eval_loss': 0.09085488319396973, 'eval_runtime': 211.5181, 'eval_samples_per_second': 141.832, 'eval_steps_per_second': 0.889, 'epoch': 1.7}
{'loss': 0.0821, 'learning_rate': 2.206896551724138e-05, 'epoch': 1.72}
{'loss': 0.0808, 'learning_rate': 2.1724137931034484e-05, 'epoch': 1.74}
{'loss': 0.0809, 'learning_rate': 2.137931034482759e-05, 'epoch': 1.76}
{'loss': 0.0796, 'learning_rate': 2.1034482758620692e-05, 'epoch': 1.78}
{'loss': 0.0805, 'learning_rate': 2.0689655172413793e-05, 'epoch': 1.8}
{'eval_loss': 0.08973798155784607, 'eval_runtime': 207.1602, 'eval_samples_per_second': 144.815, 'eval_steps_per_second': 0.908, 'epoch': 1.8}
{'loss': 0.0781, 'learning_rate': 2.0344827586206897e-05, 'epoch': 1.82}
{'loss': 0.0772, 'learning_rate': 2e-05, 'epoch': 1.84}
{'loss': 0.0805, 'learning_rate': 1.9655172413793106e-05, 'epoch': 1.86}
{'loss': 0.0771, 'learning_rate': 1.9310344827586207e-05, 'epoch': 1.88}
{'loss': 0.0792, 'learning_rate': 1.896551724137931e-05, 'epoch': 1.9}
{'eval_loss': 0.08923530578613281, 'eval_runtime': 207.0684, 'eval_samples_per_second': 144.88, 'eval_steps_per_second': 0.908, 'epoch': 1.9}
{'loss': 0.0785, 'learning_rate': 1.8620689655172415e-05, 'epoch': 1.92}
{'loss': 0.0781, 'learning_rate': 1.827586206896552e-05, 'epoch': 1.94}
{'loss': 0.08, 'learning_rate': 1.793103448275862e-05, 'epoch': 1.96}
{'loss': 0.0766, 'learning_rate': 1.7586206896551724e-05, 'epoch': 1.98}
{'loss': 0.0777, 'learning_rate': 1.7241379310344828e-05, 'epoch': 2.0}
{'eval_loss': 0.08864367753267288, 'eval_runtime': 208.9968, 'eval_samples_per_second': 143.543, 'eval_steps_per_second': 0.9, 'epoch': 2.0}
{'loss': 0.0685, 'learning_rate': 1.6896551724137932e-05, 'epoch': 2.02}
{'loss': 0.0686, 'learning_rate': 1.6551724137931037e-05, 'epoch': 2.04}
{'loss': 0.0635, 'learning_rate': 1.6206896551724137e-05, 'epoch': 2.06}
{'loss': 0.0679, 'learning_rate': 1.586206896551724e-05, 'epoch': 2.08}
{'loss': 0.0655, 'learning_rate': 1.5517241379310346e-05, 'epoch': 2.1}
{'eval_loss': 0.08972369134426117, 'eval_runtime': 221.928, 'eval_samples_per_second': 135.179, 'eval_steps_per_second': 0.847, 'epoch': 2.1}
{'loss': 0.0667, 'learning_rate': 1.5172413793103448e-05, 'epoch': 2.12}
{'loss': 0.0699, 'learning_rate': 1.482758620689655e-05, 'epoch': 2.14}
{'loss': 0.0672, 'learning_rate': 1.4482758620689657e-05, 'epoch': 2.16}
{'loss': 0.0651, 'learning_rate': 1.4137931034482759e-05, 'epoch': 2.18}
{'loss': 0.065, 'learning_rate': 1.3793103448275863e-05, 'epoch': 2.2}
{'eval_loss': 0.08961600810289383, 'eval_runtime': 205.3421, 'eval_samples_per_second': 146.098, 'eval_steps_per_second': 0.916, 'epoch': 2.2}
{'loss': 0.0702, 'learning_rate': 1.3448275862068966e-05, 'epoch': 2.22}
{'loss': 0.0689, 'learning_rate': 1.310344827586207e-05, 'epoch': 2.24}
{'loss': 0.0674, 'learning_rate': 1.2758620689655174e-05, 'epoch': 2.26}
{'loss': 0.0682, 'learning_rate': 1.2413793103448277e-05, 'epoch': 2.28}
{'loss': 0.0658, 'learning_rate': 1.206896551724138e-05, 'epoch': 2.3}
{'eval_loss': 0.08923929929733276, 'eval_runtime': 210.3317, 'eval_samples_per_second': 142.632, 'eval_steps_per_second': 0.894, 'epoch': 2.3}
{'loss': 0.0672, 'learning_rate': 1.1724137931034483e-05, 'epoch': 2.32}
{'loss': 0.0714, 'learning_rate': 1.1379310344827587e-05, 'epoch': 2.34}
{'loss': 0.0653, 'learning_rate': 1.103448275862069e-05, 'epoch': 2.36}
{'loss': 0.0666, 'learning_rate': 1.0689655172413794e-05, 'epoch': 2.38}
{'loss': 0.0653, 'learning_rate': 1.0344827586206897e-05, 'epoch': 2.4}
{'eval_loss': 0.0890619307756424, 'eval_runtime': 205.9485, 'eval_samples_per_second': 145.667, 'eval_steps_per_second': 0.913, 'epoch': 2.4}
{'loss': 0.0683, 'learning_rate': 1e-05, 'epoch': 2.42}
{'loss': 0.0664, 'learning_rate': 9.655172413793103e-06, 'epoch': 2.44}
{'loss': 0.0665, 'learning_rate': 9.310344827586207e-06, 'epoch': 2.46}
{'loss': 0.0675, 'learning_rate': 8.96551724137931e-06, 'epoch': 2.48}
{'loss': 0.0692, 'learning_rate': 8.620689655172414e-06, 'epoch': 2.5}
{'eval_loss': 0.08866005390882492, 'eval_runtime': 205.4496, 'eval_samples_per_second': 146.021, 'eval_steps_per_second': 0.915, 'epoch': 2.5}
{'loss': 0.0684, 'learning_rate': 8.275862068965518e-06, 'epoch': 2.52}
{'loss': 0.069, 'learning_rate': 7.93103448275862e-06, 'epoch': 2.54}
{'loss': 0.0659, 'learning_rate': 7.586206896551724e-06, 'epoch': 2.56}
{'loss': 0.0701, 'learning_rate': 7.241379310344828e-06, 'epoch': 2.58}
{'loss': 0.0702, 'learning_rate': 6.896551724137932e-06, 'epoch': 2.6}
{'eval_loss': 0.08825518190860748, 'eval_runtime': 212.306, 'eval_samples_per_second': 141.305, 'eval_steps_per_second': 0.886, 'epoch': 2.6}
{'loss': 0.0657, 'learning_rate': 6.551724137931035e-06, 'epoch': 2.62}
{'loss': 0.0653, 'learning_rate': 6.206896551724138e-06, 'epoch': 2.64}
{'loss': 0.0692, 'learning_rate': 5.862068965517242e-06, 'epoch': 2.66}
{'loss': 0.0668, 'learning_rate': 5.517241379310345e-06, 'epoch': 2.68}
{'loss': 0.0698, 'learning_rate': 5.172413793103448e-06, 'epoch': 2.7}
{'eval_loss': 0.08818259835243225, 'eval_runtime': 211.8283, 'eval_samples_per_second': 141.624, 'eval_steps_per_second': 0.888, 'epoch': 2.7}
{'loss': 0.0674, 'learning_rate': 4.827586206896552e-06, 'epoch': 2.72}
{'loss': 0.0658, 'learning_rate': 4.482758620689655e-06, 'epoch': 2.74}
{'loss': 0.0666, 'learning_rate': 4.137931034482759e-06, 'epoch': 2.76}
{'loss': 0.0664, 'learning_rate': 3.793103448275862e-06, 'epoch': 2.78}
{'loss': 0.0689, 'learning_rate': 3.448275862068966e-06, 'epoch': 2.8}
{'eval_loss': 0.0879841297864914, 'eval_runtime': 208.6609, 'eval_samples_per_second': 143.774, 'eval_steps_per_second': 0.901, 'epoch': 2.8}
{'loss': 0.0666, 'learning_rate': 3.103448275862069e-06, 'epoch': 2.82}
{'loss': 0.0657, 'learning_rate': 2.7586206896551725e-06, 'epoch': 2.84}
{'loss': 0.07, 'learning_rate': 2.413793103448276e-06, 'epoch': 2.86}
{'loss': 0.0629, 'learning_rate': 2.0689655172413796e-06, 'epoch': 2.88}
{'loss': 0.0657, 'learning_rate': 1.724137931034483e-06, 'epoch': 2.9}
{'eval_loss': 0.08792529255151749, 'eval_runtime': 209.0999, 'eval_samples_per_second': 143.472, 'eval_steps_per_second': 0.899, 'epoch': 2.9}
{'loss': 0.0676, 'learning_rate': 1.3793103448275862e-06, 'epoch': 2.92}
{'loss': 0.0644, 'learning_rate': 1.0344827586206898e-06, 'epoch': 2.94}
{'loss': 0.0666, 'learning_rate': 6.896551724137931e-07, 'epoch': 2.96}
{'loss': 0.0652, 'learning_rate': 3.4482758620689656e-07, 'epoch': 2.98}
{'loss': 0.0644, 'learning_rate': 0.0, 'epoch': 3.0}
{'eval_loss': 0.08789648115634918, 'eval_runtime': 207.6013, 'eval_samples_per_second': 144.508, 'eval_steps_per_second': 0.906, 'epoch': 3.0}
{'train_runtime': 10976.8692, 'train_samples_per_second': 32.796, 'train_steps_per_second': 0.273, 'train_loss': 0.28386443547407786, 'epoch': 3.0}
