{'loss': 10.9625, 'learning_rate': 5.000000000000001e-07, 'epoch': 0.0}
{'loss': 10.2008, 'learning_rate': 1e-05, 'epoch': 0.01}
{'loss': 9.0448, 'learning_rate': 2e-05, 'epoch': 0.01}
{'loss': 6.9245, 'learning_rate': 3e-05, 'epoch': 0.02}
{'loss': 3.3425, 'learning_rate': 4e-05, 'epoch': 0.03}
{'loss': 0.4764, 'learning_rate': 5e-05, 'epoch': 0.04}
{'loss': 0.1825, 'learning_rate': 4.987951807228916e-05, 'epoch': 0.04}
{'loss': 0.1495, 'learning_rate': 4.975903614457831e-05, 'epoch': 0.05}
{'loss': 0.1448, 'learning_rate': 4.9638554216867475e-05, 'epoch': 0.06}
{'loss': 0.1388, 'learning_rate': 4.951807228915663e-05, 'epoch': 0.06}
{'loss': 0.1301, 'learning_rate': 4.9397590361445786e-05, 'epoch': 0.07}
{'eval_loss': 0.12800253927707672, 'eval_runtime': 633.6832, 'eval_samples_per_second': 132.558, 'eval_steps_per_second': 0.828, 'epoch': 0.07}
{'loss': 0.1316, 'learning_rate': 4.927710843373494e-05, 'epoch': 0.08}
{'loss': 0.1281, 'learning_rate': 4.9156626506024104e-05, 'epoch': 0.09}
{'loss': 0.1264, 'learning_rate': 4.903614457831325e-05, 'epoch': 0.09}
{'loss': 0.1218, 'learning_rate': 4.8915662650602415e-05, 'epoch': 0.1}
{'loss': 0.1286, 'learning_rate': 4.879518072289157e-05, 'epoch': 0.11}
{'loss': 0.1167, 'learning_rate': 4.8674698795180725e-05, 'epoch': 0.11}
{'loss': 0.1232, 'learning_rate': 4.855421686746988e-05, 'epoch': 0.12}
{'loss': 0.1223, 'learning_rate': 4.843373493975904e-05, 'epoch': 0.13}
{'loss': 0.1163, 'learning_rate': 4.831325301204819e-05, 'epoch': 0.14}
{'loss': 0.1147, 'learning_rate': 4.8192771084337354e-05, 'epoch': 0.14}
{'eval_loss': 0.11143291741609573, 'eval_runtime': 575.8965, 'eval_samples_per_second': 145.86, 'eval_steps_per_second': 0.912, 'epoch': 0.14}
{'loss': 0.1149, 'learning_rate': 4.807228915662651e-05, 'epoch': 0.15}
{'loss': 0.1113, 'learning_rate': 4.7951807228915665e-05, 'epoch': 0.16}
{'loss': 0.1159, 'learning_rate': 4.783132530120482e-05, 'epoch': 0.16}
{'loss': 0.1101, 'learning_rate': 4.771084337349398e-05, 'epoch': 0.17}
{'loss': 0.11, 'learning_rate': 4.759036144578313e-05, 'epoch': 0.18}
{'loss': 0.108, 'learning_rate': 4.746987951807229e-05, 'epoch': 0.19}
{'loss': 0.1071, 'learning_rate': 4.734939759036145e-05, 'epoch': 0.19}
{'loss': 0.1054, 'learning_rate': 4.7228915662650604e-05, 'epoch': 0.2}
{'loss': 0.1112, 'learning_rate': 4.710843373493976e-05, 'epoch': 0.21}
{'loss': 0.1074, 'learning_rate': 4.698795180722892e-05, 'epoch': 0.21}
{'eval_loss': 0.10466817766427994, 'eval_runtime': 579.7844, 'eval_samples_per_second': 144.881, 'eval_steps_per_second': 0.906, 'epoch': 0.21}
{'loss': 0.1081, 'learning_rate': 4.686746987951807e-05, 'epoch': 0.22}
{'loss': 0.1084, 'learning_rate': 4.674698795180723e-05, 'epoch': 0.23}
{'loss': 0.1065, 'learning_rate': 4.662650602409639e-05, 'epoch': 0.24}
{'loss': 0.1057, 'learning_rate': 4.650602409638554e-05, 'epoch': 0.24}
{'loss': 0.1035, 'learning_rate': 4.63855421686747e-05, 'epoch': 0.25}
{'loss': 0.1084, 'learning_rate': 4.626506024096386e-05, 'epoch': 0.26}
{'loss': 0.1052, 'learning_rate': 4.614457831325301e-05, 'epoch': 0.26}
{'loss': 0.1033, 'learning_rate': 4.602409638554217e-05, 'epoch': 0.27}
{'loss': 0.1055, 'learning_rate': 4.590361445783133e-05, 'epoch': 0.28}
{'loss': 0.0978, 'learning_rate': 4.578313253012048e-05, 'epoch': 0.29}
{'eval_loss': 0.09927397221326828, 'eval_runtime': 581.2883, 'eval_samples_per_second': 144.507, 'eval_steps_per_second': 0.903, 'epoch': 0.29}
{'loss': 0.1007, 'learning_rate': 4.566265060240964e-05, 'epoch': 0.29}
{'loss': 0.1015, 'learning_rate': 4.55421686746988e-05, 'epoch': 0.3}
{'loss': 0.0982, 'learning_rate': 4.542168674698795e-05, 'epoch': 0.31}
{'loss': 0.1002, 'learning_rate': 4.530120481927711e-05, 'epoch': 0.31}
{'loss': 0.1019, 'learning_rate': 4.5180722891566266e-05, 'epoch': 0.32}
{'loss': 0.102, 'learning_rate': 4.506024096385542e-05, 'epoch': 0.33}
{'loss': 0.1044, 'learning_rate': 4.493975903614458e-05, 'epoch': 0.34}
{'loss': 0.0964, 'learning_rate': 4.481927710843374e-05, 'epoch': 0.34}
{'loss': 0.0987, 'learning_rate': 4.469879518072289e-05, 'epoch': 0.35}
{'loss': 0.0956, 'learning_rate': 4.457831325301205e-05, 'epoch': 0.36}
{'eval_loss': 0.09580305218696594, 'eval_runtime': 606.9266, 'eval_samples_per_second': 138.402, 'eval_steps_per_second': 0.865, 'epoch': 0.36}
{'loss': 0.0985, 'learning_rate': 4.4457831325301206e-05, 'epoch': 0.36}
{'loss': 0.0986, 'learning_rate': 4.433734939759036e-05, 'epoch': 0.37}
{'loss': 0.0999, 'learning_rate': 4.4216867469879516e-05, 'epoch': 0.38}
{'loss': 0.0978, 'learning_rate': 4.409638554216868e-05, 'epoch': 0.39}
{'loss': 0.102, 'learning_rate': 4.3975903614457834e-05, 'epoch': 0.39}
{'loss': 0.0984, 'learning_rate': 4.385542168674699e-05, 'epoch': 0.4}
{'loss': 0.096, 'learning_rate': 4.3734939759036145e-05, 'epoch': 0.41}
{'loss': 0.0968, 'learning_rate': 4.361445783132531e-05, 'epoch': 0.41}
{'loss': 0.0971, 'learning_rate': 4.3493975903614456e-05, 'epoch': 0.42}
{'loss': 0.0949, 'learning_rate': 4.337349397590362e-05, 'epoch': 0.43}
{'eval_loss': 0.09291429817676544, 'eval_runtime': 580.995, 'eval_samples_per_second': 144.58, 'eval_steps_per_second': 0.904, 'epoch': 0.43}
{'loss': 0.0994, 'learning_rate': 4.325301204819277e-05, 'epoch': 0.44}
{'loss': 0.0966, 'learning_rate': 4.313253012048193e-05, 'epoch': 0.44}
{'loss': 0.0981, 'learning_rate': 4.3012048192771084e-05, 'epoch': 0.45}
{'loss': 0.0949, 'learning_rate': 4.2891566265060246e-05, 'epoch': 0.46}
{'loss': 0.0945, 'learning_rate': 4.27710843373494e-05, 'epoch': 0.46}
{'loss': 0.0961, 'learning_rate': 4.265060240963856e-05, 'epoch': 0.47}
{'loss': 0.0977, 'learning_rate': 4.253012048192771e-05, 'epoch': 0.48}
{'loss': 0.091, 'learning_rate': 4.240963855421687e-05, 'epoch': 0.49}
{'loss': 0.0927, 'learning_rate': 4.228915662650603e-05, 'epoch': 0.49}
{'loss': 0.0932, 'learning_rate': 4.2168674698795186e-05, 'epoch': 0.5}
{'eval_loss': 0.09060981869697571, 'eval_runtime': 580.8339, 'eval_samples_per_second': 144.62, 'eval_steps_per_second': 0.904, 'epoch': 0.5}
{'loss': 0.0949, 'learning_rate': 4.204819277108434e-05, 'epoch': 0.51}
{'loss': 0.0934, 'learning_rate': 4.1927710843373496e-05, 'epoch': 0.51}
{'loss': 0.0884, 'learning_rate': 4.180722891566265e-05, 'epoch': 0.52}
{'loss': 0.0897, 'learning_rate': 4.168674698795181e-05, 'epoch': 0.53}
{'loss': 0.0938, 'learning_rate': 4.156626506024097e-05, 'epoch': 0.54}
{'loss': 0.0923, 'learning_rate': 4.1445783132530125e-05, 'epoch': 0.54}
{'loss': 0.093, 'learning_rate': 4.132530120481928e-05, 'epoch': 0.55}
{'loss': 0.0907, 'learning_rate': 4.1204819277108436e-05, 'epoch': 0.56}
{'loss': 0.0934, 'learning_rate': 4.10843373493976e-05, 'epoch': 0.56}
{'loss': 0.0938, 'learning_rate': 4.0963855421686746e-05, 'epoch': 0.57}
{'eval_loss': 0.08864569664001465, 'eval_runtime': 577.7898, 'eval_samples_per_second': 145.382, 'eval_steps_per_second': 0.909, 'epoch': 0.57}
{'loss': 0.0907, 'learning_rate': 4.084337349397591e-05, 'epoch': 0.58}
{'loss': 0.0898, 'learning_rate': 4.0722891566265064e-05, 'epoch': 0.59}
{'loss': 0.0926, 'learning_rate': 4.060240963855422e-05, 'epoch': 0.59}
{'loss': 0.0905, 'learning_rate': 4.0481927710843375e-05, 'epoch': 0.6}
{'loss': 0.0927, 'learning_rate': 4.036144578313254e-05, 'epoch': 0.61}
{'loss': 0.0918, 'learning_rate': 4.0240963855421686e-05, 'epoch': 0.61}
{'loss': 0.0926, 'learning_rate': 4.012048192771085e-05, 'epoch': 0.62}
{'loss': 0.0918, 'learning_rate': 4e-05, 'epoch': 0.63}
{'loss': 0.0914, 'learning_rate': 3.987951807228916e-05, 'epoch': 0.64}
{'loss': 0.0885, 'learning_rate': 3.9759036144578314e-05, 'epoch': 0.64}
{'eval_loss': 0.08668844401836395, 'eval_runtime': 578.0988, 'eval_samples_per_second': 145.304, 'eval_steps_per_second': 0.908, 'epoch': 0.64}
{'loss': 0.0913, 'learning_rate': 3.9638554216867476e-05, 'epoch': 0.65}
{'loss': 0.09, 'learning_rate': 3.9518072289156625e-05, 'epoch': 0.66}
{'loss': 0.0907, 'learning_rate': 3.939759036144579e-05, 'epoch': 0.66}
{'loss': 0.0896, 'learning_rate': 3.927710843373494e-05, 'epoch': 0.67}
{'loss': 0.0871, 'learning_rate': 3.91566265060241e-05, 'epoch': 0.68}
{'loss': 0.0891, 'learning_rate': 3.903614457831325e-05, 'epoch': 0.69}
{'loss': 0.0923, 'learning_rate': 3.8915662650602416e-05, 'epoch': 0.69}
{'loss': 0.0877, 'learning_rate': 3.8795180722891564e-05, 'epoch': 0.7}
{'loss': 0.0848, 'learning_rate': 3.8674698795180726e-05, 'epoch': 0.71}
{'loss': 0.0859, 'learning_rate': 3.855421686746988e-05, 'epoch': 0.71}
{'eval_loss': 0.08510009199380875, 'eval_runtime': 627.793, 'eval_samples_per_second': 133.802, 'eval_steps_per_second': 0.836, 'epoch': 0.71}
{'loss': 0.0883, 'learning_rate': 3.843373493975904e-05, 'epoch': 0.72}
{'loss': 0.0837, 'learning_rate': 3.831325301204819e-05, 'epoch': 0.73}
{'loss': 0.089, 'learning_rate': 3.8192771084337355e-05, 'epoch': 0.74}
{'loss': 0.0832, 'learning_rate': 3.8072289156626503e-05, 'epoch': 0.74}
{'loss': 0.089, 'learning_rate': 3.7951807228915666e-05, 'epoch': 0.75}
{'loss': 0.0918, 'learning_rate': 3.783132530120482e-05, 'epoch': 0.76}
{'loss': 0.0918, 'learning_rate': 3.7710843373493976e-05, 'epoch': 0.76}
{'loss': 0.0872, 'learning_rate': 3.759036144578313e-05, 'epoch': 0.77}
{'loss': 0.0876, 'learning_rate': 3.7469879518072294e-05, 'epoch': 0.78}
{'loss': 0.0877, 'learning_rate': 3.734939759036144e-05, 'epoch': 0.79}
{'eval_loss': 0.08379059284925461, 'eval_runtime': 591.9399, 'eval_samples_per_second': 141.906, 'eval_steps_per_second': 0.887, 'epoch': 0.79}
{'loss': 0.0871, 'learning_rate': 3.7228915662650605e-05, 'epoch': 0.79}
{'loss': 0.0869, 'learning_rate': 3.710843373493976e-05, 'epoch': 0.8}
{'loss': 0.0868, 'learning_rate': 3.6987951807228916e-05, 'epoch': 0.81}
{'loss': 0.0864, 'learning_rate': 3.686746987951807e-05, 'epoch': 0.81}
{'loss': 0.0856, 'learning_rate': 3.674698795180723e-05, 'epoch': 0.82}
{'loss': 0.0845, 'learning_rate': 3.662650602409639e-05, 'epoch': 0.83}
{'loss': 0.0871, 'learning_rate': 3.6506024096385544e-05, 'epoch': 0.84}
{'loss': 0.0831, 'learning_rate': 3.63855421686747e-05, 'epoch': 0.84}
{'loss': 0.0857, 'learning_rate': 3.6265060240963855e-05, 'epoch': 0.85}
{'loss': 0.0868, 'learning_rate': 3.614457831325301e-05, 'epoch': 0.86}
{'eval_loss': 0.082546167075634, 'eval_runtime': 581.9169, 'eval_samples_per_second': 144.351, 'eval_steps_per_second': 0.902, 'epoch': 0.86}
{'loss': 0.086, 'learning_rate': 3.602409638554217e-05, 'epoch': 0.86}
{'loss': 0.0835, 'learning_rate': 3.590361445783133e-05, 'epoch': 0.87}
{'loss': 0.0844, 'learning_rate': 3.578313253012048e-05, 'epoch': 0.88}
{'loss': 0.0846, 'learning_rate': 3.566265060240964e-05, 'epoch': 0.89}
{'loss': 0.0842, 'learning_rate': 3.5542168674698794e-05, 'epoch': 0.89}
{'loss': 0.0823, 'learning_rate': 3.5421686746987956e-05, 'epoch': 0.9}
{'loss': 0.0861, 'learning_rate': 3.530120481927711e-05, 'epoch': 0.91}
{'loss': 0.0804, 'learning_rate': 3.518072289156627e-05, 'epoch': 0.91}
{'loss': 0.0866, 'learning_rate': 3.506024096385542e-05, 'epoch': 0.92}
{'loss': 0.0844, 'learning_rate': 3.4939759036144585e-05, 'epoch': 0.93}
{'eval_loss': 0.08129950612783432, 'eval_runtime': 579.3955, 'eval_samples_per_second': 144.979, 'eval_steps_per_second': 0.906, 'epoch': 0.93}
{'loss': 0.084, 'learning_rate': 3.4819277108433733e-05, 'epoch': 0.94}
{'loss': 0.0835, 'learning_rate': 3.4698795180722896e-05, 'epoch': 0.94}
{'loss': 0.0815, 'learning_rate': 3.457831325301205e-05, 'epoch': 0.95}
{'loss': 0.0851, 'learning_rate': 3.4457831325301206e-05, 'epoch': 0.96}
{'loss': 0.0858, 'learning_rate': 3.433734939759036e-05, 'epoch': 0.96}
{'loss': 0.079, 'learning_rate': 3.4216867469879524e-05, 'epoch': 0.97}
{'loss': 0.0869, 'learning_rate': 3.409638554216867e-05, 'epoch': 0.98}
{'loss': 0.083, 'learning_rate': 3.3975903614457835e-05, 'epoch': 0.99}
{'loss': 0.0836, 'learning_rate': 3.385542168674699e-05, 'epoch': 0.99}
{'loss': 0.083, 'learning_rate': 3.3734939759036146e-05, 'epoch': 1.0}
{'eval_loss': 0.08039619773626328, 'eval_runtime': 584.2446, 'eval_samples_per_second': 143.775, 'eval_steps_per_second': 0.899, 'epoch': 1.0}
{'loss': 0.074, 'learning_rate': 3.36144578313253e-05, 'epoch': 1.01}
{'loss': 0.0726, 'learning_rate': 3.349397590361446e-05, 'epoch': 1.01}
{'loss': 0.0716, 'learning_rate': 3.337349397590361e-05, 'epoch': 1.02}
{'loss': 0.0724, 'learning_rate': 3.3253012048192774e-05, 'epoch': 1.03}
{'loss': 0.0714, 'learning_rate': 3.313253012048193e-05, 'epoch': 1.04}
{'loss': 0.073, 'learning_rate': 3.3012048192771085e-05, 'epoch': 1.04}
{'loss': 0.07, 'learning_rate': 3.289156626506024e-05, 'epoch': 1.05}
{'loss': 0.0713, 'learning_rate': 3.27710843373494e-05, 'epoch': 1.06}
{'loss': 0.0703, 'learning_rate': 3.265060240963855e-05, 'epoch': 1.06}
{'loss': 0.0745, 'learning_rate': 3.253012048192771e-05, 'epoch': 1.07}
{'eval_loss': 0.08005247265100479, 'eval_runtime': 649.8481, 'eval_samples_per_second': 129.261, 'eval_steps_per_second': 0.808, 'epoch': 1.07}
{'loss': 0.0733, 'learning_rate': 3.240963855421687e-05, 'epoch': 1.08}
{'loss': 0.0723, 'learning_rate': 3.2289156626506024e-05, 'epoch': 1.09}
{'loss': 0.0735, 'learning_rate': 3.216867469879518e-05, 'epoch': 1.09}
{'loss': 0.0733, 'learning_rate': 3.204819277108434e-05, 'epoch': 1.1}
{'loss': 0.0727, 'learning_rate': 3.192771084337349e-05, 'epoch': 1.11}
{'loss': 0.0699, 'learning_rate': 3.180722891566265e-05, 'epoch': 1.11}
{'loss': 0.0717, 'learning_rate': 3.168674698795181e-05, 'epoch': 1.12}
{'loss': 0.0702, 'learning_rate': 3.1566265060240963e-05, 'epoch': 1.13}
{'loss': 0.0702, 'learning_rate': 3.144578313253012e-05, 'epoch': 1.14}
{'loss': 0.0698, 'learning_rate': 3.132530120481928e-05, 'epoch': 1.14}
{'eval_loss': 0.0793895348906517, 'eval_runtime': 586.4871, 'eval_samples_per_second': 143.226, 'eval_steps_per_second': 0.895, 'epoch': 1.14}
{'loss': 0.072, 'learning_rate': 3.1204819277108436e-05, 'epoch': 1.15}
{'loss': 0.0707, 'learning_rate': 3.108433734939759e-05, 'epoch': 1.16}
{'loss': 0.0728, 'learning_rate': 3.096385542168675e-05, 'epoch': 1.16}
{'loss': 0.0695, 'learning_rate': 3.084337349397591e-05, 'epoch': 1.17}
{'loss': 0.073, 'learning_rate': 3.072289156626506e-05, 'epoch': 1.18}
{'loss': 0.07, 'learning_rate': 3.060240963855422e-05, 'epoch': 1.19}
{'loss': 0.0721, 'learning_rate': 3.048192771084338e-05, 'epoch': 1.19}
{'loss': 0.0693, 'learning_rate': 3.036144578313253e-05, 'epoch': 1.2}
{'loss': 0.0708, 'learning_rate': 3.024096385542169e-05, 'epoch': 1.21}
{'loss': 0.0697, 'learning_rate': 3.012048192771085e-05, 'epoch': 1.21}
{'eval_loss': 0.07865005731582642, 'eval_runtime': 583.2838, 'eval_samples_per_second': 144.012, 'eval_steps_per_second': 0.9, 'epoch': 1.21}
{'loss': 0.0718, 'learning_rate': 3e-05, 'epoch': 1.22}
{'loss': 0.0707, 'learning_rate': 2.987951807228916e-05, 'epoch': 1.23}
{'loss': 0.0699, 'learning_rate': 2.975903614457832e-05, 'epoch': 1.24}
{'loss': 0.0728, 'learning_rate': 2.963855421686747e-05, 'epoch': 1.24}
{'loss': 0.0727, 'learning_rate': 2.951807228915663e-05, 'epoch': 1.25}
{'loss': 0.0732, 'learning_rate': 2.9397590361445788e-05, 'epoch': 1.26}
{'loss': 0.0704, 'learning_rate': 2.927710843373494e-05, 'epoch': 1.26}
{'loss': 0.0708, 'learning_rate': 2.91566265060241e-05, 'epoch': 1.27}
{'loss': 0.0663, 'learning_rate': 2.9036144578313258e-05, 'epoch': 1.28}
{'loss': 0.07, 'learning_rate': 2.891566265060241e-05, 'epoch': 1.29}
{'eval_loss': 0.07790004462003708, 'eval_runtime': 579.5624, 'eval_samples_per_second': 144.937, 'eval_steps_per_second': 0.906, 'epoch': 1.29}
{'loss': 0.0726, 'learning_rate': 2.879518072289157e-05, 'epoch': 1.29}
{'loss': 0.0707, 'learning_rate': 2.8674698795180727e-05, 'epoch': 1.3}
{'loss': 0.0673, 'learning_rate': 2.855421686746988e-05, 'epoch': 1.31}
{'loss': 0.07, 'learning_rate': 2.8433734939759038e-05, 'epoch': 1.31}
{'loss': 0.0682, 'learning_rate': 2.8313253012048197e-05, 'epoch': 1.32}
{'loss': 0.0684, 'learning_rate': 2.819277108433735e-05, 'epoch': 1.33}
{'loss': 0.0701, 'learning_rate': 2.8072289156626508e-05, 'epoch': 1.34}
{'loss': 0.0679, 'learning_rate': 2.7951807228915666e-05, 'epoch': 1.34}
{'loss': 0.0689, 'learning_rate': 2.783132530120482e-05, 'epoch': 1.35}
{'loss': 0.0706, 'learning_rate': 2.7710843373493977e-05, 'epoch': 1.36}
{'eval_loss': 0.07719925045967102, 'eval_runtime': 578.0053, 'eval_samples_per_second': 145.327, 'eval_steps_per_second': 0.908, 'epoch': 1.36}
{'loss': 0.0716, 'learning_rate': 2.7590361445783136e-05, 'epoch': 1.36}
{'loss': 0.0687, 'learning_rate': 2.7469879518072288e-05, 'epoch': 1.37}
{'loss': 0.0696, 'learning_rate': 2.7349397590361447e-05, 'epoch': 1.38}
{'loss': 0.0688, 'learning_rate': 2.7228915662650606e-05, 'epoch': 1.39}
{'loss': 0.0705, 'learning_rate': 2.7108433734939758e-05, 'epoch': 1.39}
{'loss': 0.0699, 'learning_rate': 2.6987951807228917e-05, 'epoch': 1.4}
{'loss': 0.0716, 'learning_rate': 2.6867469879518075e-05, 'epoch': 1.41}
{'loss': 0.0694, 'learning_rate': 2.6746987951807227e-05, 'epoch': 1.41}
{'loss': 0.0681, 'learning_rate': 2.6626506024096386e-05, 'epoch': 1.42}
{'loss': 0.0694, 'learning_rate': 2.6506024096385545e-05, 'epoch': 1.43}
{'eval_loss': 0.07642047107219696, 'eval_runtime': 638.7575, 'eval_samples_per_second': 131.505, 'eval_steps_per_second': 0.822, 'epoch': 1.43}
{'loss': 0.0692, 'learning_rate': 2.6385542168674697e-05, 'epoch': 1.44}
{'loss': 0.0687, 'learning_rate': 2.6265060240963856e-05, 'epoch': 1.44}
{'loss': 0.0703, 'learning_rate': 2.6144578313253015e-05, 'epoch': 1.45}
{'loss': 0.069, 'learning_rate': 2.6024096385542167e-05, 'epoch': 1.46}
{'loss': 0.0713, 'learning_rate': 2.5903614457831325e-05, 'epoch': 1.46}
{'loss': 0.0718, 'learning_rate': 2.5783132530120484e-05, 'epoch': 1.47}
{'loss': 0.0696, 'learning_rate': 2.566265060240964e-05, 'epoch': 1.48}
{'loss': 0.0688, 'learning_rate': 2.5542168674698795e-05, 'epoch': 1.49}
{'loss': 0.0725, 'learning_rate': 2.5421686746987954e-05, 'epoch': 1.49}
{'loss': 0.0688, 'learning_rate': 2.530120481927711e-05, 'epoch': 1.5}
{'eval_loss': 0.07581822574138641, 'eval_runtime': 579.053, 'eval_samples_per_second': 145.064, 'eval_steps_per_second': 0.907, 'epoch': 1.5}
{'loss': 0.0668, 'learning_rate': 2.5180722891566265e-05, 'epoch': 1.51}
{'loss': 0.0707, 'learning_rate': 2.5060240963855423e-05, 'epoch': 1.51}
{'loss': 0.0686, 'learning_rate': 2.493975903614458e-05, 'epoch': 1.52}
{'loss': 0.069, 'learning_rate': 2.4819277108433738e-05, 'epoch': 1.53}
{'loss': 0.068, 'learning_rate': 2.4698795180722893e-05, 'epoch': 1.54}
{'loss': 0.066, 'learning_rate': 2.4578313253012052e-05, 'epoch': 1.54}
{'loss': 0.0683, 'learning_rate': 2.4457831325301207e-05, 'epoch': 1.55}
{'loss': 0.0701, 'learning_rate': 2.4337349397590363e-05, 'epoch': 1.56}
{'loss': 0.0687, 'learning_rate': 2.421686746987952e-05, 'epoch': 1.56}
{'loss': 0.0685, 'learning_rate': 2.4096385542168677e-05, 'epoch': 1.57}
{'eval_loss': 0.07539454102516174, 'eval_runtime': 577.9305, 'eval_samples_per_second': 145.346, 'eval_steps_per_second': 0.908, 'epoch': 1.57}
{'loss': 0.0708, 'learning_rate': 2.3975903614457832e-05, 'epoch': 1.58}
{'loss': 0.0659, 'learning_rate': 2.385542168674699e-05, 'epoch': 1.59}
{'loss': 0.0696, 'learning_rate': 2.3734939759036147e-05, 'epoch': 1.59}
{'loss': 0.0685, 'learning_rate': 2.3614457831325302e-05, 'epoch': 1.6}
{'loss': 0.068, 'learning_rate': 2.349397590361446e-05, 'epoch': 1.61}
{'loss': 0.0675, 'learning_rate': 2.3373493975903616e-05, 'epoch': 1.61}
{'loss': 0.0697, 'learning_rate': 2.325301204819277e-05, 'epoch': 1.62}
{'loss': 0.0663, 'learning_rate': 2.313253012048193e-05, 'epoch': 1.63}
{'loss': 0.067, 'learning_rate': 2.3012048192771086e-05, 'epoch': 1.64}
{'loss': 0.0701, 'learning_rate': 2.289156626506024e-05, 'epoch': 1.64}
{'eval_loss': 0.07468178868293762, 'eval_runtime': 579.1844, 'eval_samples_per_second': 145.032, 'eval_steps_per_second': 0.906, 'epoch': 1.64}
{'loss': 0.068, 'learning_rate': 2.27710843373494e-05, 'epoch': 1.65}
{'loss': 0.0682, 'learning_rate': 2.2650602409638555e-05, 'epoch': 1.66}
{'loss': 0.068, 'learning_rate': 2.253012048192771e-05, 'epoch': 1.66}
{'loss': 0.067, 'learning_rate': 2.240963855421687e-05, 'epoch': 1.67}
{'loss': 0.0696, 'learning_rate': 2.2289156626506025e-05, 'epoch': 1.68}
{'loss': 0.069, 'learning_rate': 2.216867469879518e-05, 'epoch': 1.69}
{'loss': 0.0679, 'learning_rate': 2.204819277108434e-05, 'epoch': 1.69}
{'loss': 0.0697, 'learning_rate': 2.1927710843373495e-05, 'epoch': 1.7}
{'loss': 0.0698, 'learning_rate': 2.1807228915662654e-05, 'epoch': 1.71}
{'loss': 0.0669, 'learning_rate': 2.168674698795181e-05, 'epoch': 1.71}
{'eval_loss': 0.07431700825691223, 'eval_runtime': 580.8672, 'eval_samples_per_second': 144.611, 'eval_steps_per_second': 0.904, 'epoch': 1.71}
{'loss': 0.0674, 'learning_rate': 2.1566265060240964e-05, 'epoch': 1.72}
{'loss': 0.0675, 'learning_rate': 2.1445783132530123e-05, 'epoch': 1.73}
{'loss': 0.0673, 'learning_rate': 2.132530120481928e-05, 'epoch': 1.74}
{'loss': 0.0655, 'learning_rate': 2.1204819277108434e-05, 'epoch': 1.74}
{'loss': 0.0661, 'learning_rate': 2.1084337349397593e-05, 'epoch': 1.75}
{'loss': 0.0648, 'learning_rate': 2.0963855421686748e-05, 'epoch': 1.76}
{'loss': 0.0653, 'learning_rate': 2.0843373493975904e-05, 'epoch': 1.76}
{'loss': 0.0691, 'learning_rate': 2.0722891566265062e-05, 'epoch': 1.77}
{'loss': 0.0677, 'learning_rate': 2.0602409638554218e-05, 'epoch': 1.78}
{'loss': 0.0678, 'learning_rate': 2.0481927710843373e-05, 'epoch': 1.79}
{'eval_loss': 0.07380609959363937, 'eval_runtime': 640.2581, 'eval_samples_per_second': 131.197, 'eval_steps_per_second': 0.82, 'epoch': 1.79}
{'loss': 0.0643, 'learning_rate': 2.0361445783132532e-05, 'epoch': 1.79}
{'loss': 0.067, 'learning_rate': 2.0240963855421687e-05, 'epoch': 1.8}
{'loss': 0.0673, 'learning_rate': 2.0120481927710843e-05, 'epoch': 1.81}
{'loss': 0.0665, 'learning_rate': 2e-05, 'epoch': 1.81}
{'loss': 0.0701, 'learning_rate': 1.9879518072289157e-05, 'epoch': 1.82}
{'loss': 0.068, 'learning_rate': 1.9759036144578312e-05, 'epoch': 1.83}
{'loss': 0.0701, 'learning_rate': 1.963855421686747e-05, 'epoch': 1.84}
{'loss': 0.0681, 'learning_rate': 1.9518072289156627e-05, 'epoch': 1.84}
{'loss': 0.0682, 'learning_rate': 1.9397590361445782e-05, 'epoch': 1.85}
{'loss': 0.0677, 'learning_rate': 1.927710843373494e-05, 'epoch': 1.86}
{'eval_loss': 0.07337064296007156, 'eval_runtime': 590.7925, 'eval_samples_per_second': 142.182, 'eval_steps_per_second': 0.889, 'epoch': 1.86}
{'loss': 0.067, 'learning_rate': 1.9156626506024096e-05, 'epoch': 1.86}
{'loss': 0.0668, 'learning_rate': 1.9036144578313252e-05, 'epoch': 1.87}
{'loss': 0.0638, 'learning_rate': 1.891566265060241e-05, 'epoch': 1.88}
{'loss': 0.0693, 'learning_rate': 1.8795180722891566e-05, 'epoch': 1.89}
{'loss': 0.069, 'learning_rate': 1.867469879518072e-05, 'epoch': 1.89}
{'loss': 0.0654, 'learning_rate': 1.855421686746988e-05, 'epoch': 1.9}
{'loss': 0.0674, 'learning_rate': 1.8433734939759036e-05, 'epoch': 1.91}
{'loss': 0.0657, 'learning_rate': 1.8313253012048194e-05, 'epoch': 1.91}
{'loss': 0.0664, 'learning_rate': 1.819277108433735e-05, 'epoch': 1.92}
{'loss': 0.0654, 'learning_rate': 1.8072289156626505e-05, 'epoch': 1.93}
{'eval_loss': 0.07283356040716171, 'eval_runtime': 582.7077, 'eval_samples_per_second': 144.155, 'eval_steps_per_second': 0.901, 'epoch': 1.93}
{'loss': 0.0661, 'learning_rate': 1.7951807228915664e-05, 'epoch': 1.94}
{'loss': 0.0671, 'learning_rate': 1.783132530120482e-05, 'epoch': 1.94}
{'loss': 0.0682, 'learning_rate': 1.7710843373493978e-05, 'epoch': 1.95}
{'loss': 0.0653, 'learning_rate': 1.7590361445783134e-05, 'epoch': 1.96}
{'loss': 0.0654, 'learning_rate': 1.7469879518072292e-05, 'epoch': 1.96}
{'loss': 0.0658, 'learning_rate': 1.7349397590361448e-05, 'epoch': 1.97}
{'loss': 0.0672, 'learning_rate': 1.7228915662650603e-05, 'epoch': 1.98}
{'loss': 0.0684, 'learning_rate': 1.7108433734939762e-05, 'epoch': 1.99}
{'loss': 0.066, 'learning_rate': 1.6987951807228917e-05, 'epoch': 1.99}
{'loss': 0.0677, 'learning_rate': 1.6867469879518073e-05, 'epoch': 2.0}
{'eval_loss': 0.07235901802778244, 'eval_runtime': 580.457, 'eval_samples_per_second': 144.714, 'eval_steps_per_second': 0.904, 'epoch': 2.0}
{'loss': 0.0582, 'learning_rate': 1.674698795180723e-05, 'epoch': 2.01}
{'loss': 0.0584, 'learning_rate': 1.6626506024096387e-05, 'epoch': 2.01}
{'loss': 0.0576, 'learning_rate': 1.6506024096385542e-05, 'epoch': 2.02}
{'loss': 0.0576, 'learning_rate': 1.63855421686747e-05, 'epoch': 2.03}
{'loss': 0.0584, 'learning_rate': 1.6265060240963857e-05, 'epoch': 2.04}
{'loss': 0.0587, 'learning_rate': 1.6144578313253012e-05, 'epoch': 2.04}
{'loss': 0.0566, 'learning_rate': 1.602409638554217e-05, 'epoch': 2.05}
{'loss': 0.0588, 'learning_rate': 1.5903614457831326e-05, 'epoch': 2.06}
{'loss': 0.0587, 'learning_rate': 1.5783132530120482e-05, 'epoch': 2.06}
{'loss': 0.0569, 'learning_rate': 1.566265060240964e-05, 'epoch': 2.07}
{'eval_loss': 0.07318226248025894, 'eval_runtime': 579.6895, 'eval_samples_per_second': 144.905, 'eval_steps_per_second': 0.906, 'epoch': 2.07}
{'loss': 0.0614, 'learning_rate': 1.5542168674698796e-05, 'epoch': 2.08}
{'loss': 0.0569, 'learning_rate': 1.5421686746987955e-05, 'epoch': 2.09}
{'loss': 0.0585, 'learning_rate': 1.530120481927711e-05, 'epoch': 2.09}
{'loss': 0.0577, 'learning_rate': 1.5180722891566266e-05, 'epoch': 2.1}
{'loss': 0.0586, 'learning_rate': 1.5060240963855424e-05, 'epoch': 2.11}
{'loss': 0.0567, 'learning_rate': 1.493975903614458e-05, 'epoch': 2.11}
{'loss': 0.059, 'learning_rate': 1.4819277108433735e-05, 'epoch': 2.12}
{'loss': 0.0588, 'learning_rate': 1.4698795180722894e-05, 'epoch': 2.13}
{'loss': 0.0604, 'learning_rate': 1.457831325301205e-05, 'epoch': 2.14}
{'loss': 0.0572, 'learning_rate': 1.4457831325301205e-05, 'epoch': 2.14}
{'eval_loss': 0.07311347872018814, 'eval_runtime': 618.84, 'eval_samples_per_second': 135.738, 'eval_steps_per_second': 0.848, 'epoch': 2.14}
{'loss': 0.0577, 'learning_rate': 1.4337349397590364e-05, 'epoch': 2.15}
{'loss': 0.0569, 'learning_rate': 1.4216867469879519e-05, 'epoch': 2.16}
{'loss': 0.0582, 'learning_rate': 1.4096385542168674e-05, 'epoch': 2.16}
{'loss': 0.0583, 'learning_rate': 1.3975903614457833e-05, 'epoch': 2.17}
{'loss': 0.06, 'learning_rate': 1.3855421686746989e-05, 'epoch': 2.18}
{'loss': 0.0557, 'learning_rate': 1.3734939759036144e-05, 'epoch': 2.19}
{'loss': 0.0552, 'learning_rate': 1.3614457831325303e-05, 'epoch': 2.19}
{'loss': 0.0562, 'learning_rate': 1.3493975903614458e-05, 'epoch': 2.2}
{'loss': 0.0593, 'learning_rate': 1.3373493975903614e-05, 'epoch': 2.21}
{'loss': 0.0592, 'learning_rate': 1.3253012048192772e-05, 'epoch': 2.21}
{'eval_loss': 0.07256126403808594, 'eval_runtime': 587.6199, 'eval_samples_per_second': 142.95, 'eval_steps_per_second': 0.893, 'epoch': 2.21}
{'loss': 0.0579, 'learning_rate': 1.3132530120481928e-05, 'epoch': 2.22}
{'loss': 0.0563, 'learning_rate': 1.3012048192771083e-05, 'epoch': 2.23}
{'loss': 0.0559, 'learning_rate': 1.2891566265060242e-05, 'epoch': 2.24}
{'loss': 0.058, 'learning_rate': 1.2771084337349398e-05, 'epoch': 2.24}
{'loss': 0.0574, 'learning_rate': 1.2650602409638555e-05, 'epoch': 2.25}
{'loss': 0.0615, 'learning_rate': 1.2530120481927712e-05, 'epoch': 2.26}
{'loss': 0.0575, 'learning_rate': 1.2409638554216869e-05, 'epoch': 2.26}
{'loss': 0.0582, 'learning_rate': 1.2289156626506026e-05, 'epoch': 2.27}
{'loss': 0.0584, 'learning_rate': 1.2168674698795181e-05, 'epoch': 2.28}
{'loss': 0.0577, 'learning_rate': 1.2048192771084338e-05, 'epoch': 2.29}
{'eval_loss': 0.07238277792930603, 'eval_runtime': 583.651, 'eval_samples_per_second': 143.922, 'eval_steps_per_second': 0.9, 'epoch': 2.29}
{'loss': 0.0551, 'learning_rate': 1.1927710843373496e-05, 'epoch': 2.29}
{'loss': 0.0588, 'learning_rate': 1.1807228915662651e-05, 'epoch': 2.3}
{'loss': 0.0588, 'learning_rate': 1.1686746987951808e-05, 'epoch': 2.31}
{'loss': 0.056, 'learning_rate': 1.1566265060240965e-05, 'epoch': 2.31}
{'loss': 0.0572, 'learning_rate': 1.144578313253012e-05, 'epoch': 2.32}
{'loss': 0.06, 'learning_rate': 1.1325301204819278e-05, 'epoch': 2.33}
{'loss': 0.057, 'learning_rate': 1.1204819277108435e-05, 'epoch': 2.34}
{'loss': 0.0584, 'learning_rate': 1.108433734939759e-05, 'epoch': 2.34}
{'loss': 0.06, 'learning_rate': 1.0963855421686747e-05, 'epoch': 2.35}
{'loss': 0.057, 'learning_rate': 1.0843373493975904e-05, 'epoch': 2.36}
{'eval_loss': 0.07195845246315002, 'eval_runtime': 579.1022, 'eval_samples_per_second': 145.052, 'eval_steps_per_second': 0.907, 'epoch': 2.36}
{'loss': 0.0566, 'learning_rate': 1.0722891566265062e-05, 'epoch': 2.36}
{'loss': 0.0572, 'learning_rate': 1.0602409638554217e-05, 'epoch': 2.37}
{'loss': 0.0598, 'learning_rate': 1.0481927710843374e-05, 'epoch': 2.38}
{'loss': 0.0559, 'learning_rate': 1.0361445783132531e-05, 'epoch': 2.39}
{'loss': 0.0575, 'learning_rate': 1.0240963855421687e-05, 'epoch': 2.39}
{'loss': 0.059, 'learning_rate': 1.0120481927710844e-05, 'epoch': 2.4}
{'loss': 0.0582, 'learning_rate': 1e-05, 'epoch': 2.41}
{'loss': 0.0602, 'learning_rate': 9.879518072289156e-06, 'epoch': 2.41}
{'loss': 0.0562, 'learning_rate': 9.759036144578313e-06, 'epoch': 2.42}
{'loss': 0.0576, 'learning_rate': 9.63855421686747e-06, 'epoch': 2.43}
{'eval_loss': 0.07172462344169617, 'eval_runtime': 579.7254, 'eval_samples_per_second': 144.896, 'eval_steps_per_second': 0.906, 'epoch': 2.43}
{'loss': 0.0565, 'learning_rate': 9.518072289156626e-06, 'epoch': 2.44}
{'loss': 0.0583, 'learning_rate': 9.397590361445783e-06, 'epoch': 2.44}
{'loss': 0.0554, 'learning_rate': 9.27710843373494e-06, 'epoch': 2.45}
{'loss': 0.0582, 'learning_rate': 9.156626506024097e-06, 'epoch': 2.46}
{'loss': 0.0579, 'learning_rate': 9.036144578313253e-06, 'epoch': 2.46}
{'loss': 0.0584, 'learning_rate': 8.91566265060241e-06, 'epoch': 2.47}
{'loss': 0.056, 'learning_rate': 8.795180722891567e-06, 'epoch': 2.48}
{'loss': 0.0555, 'learning_rate': 8.674698795180724e-06, 'epoch': 2.49}
{'loss': 0.0569, 'learning_rate': 8.554216867469881e-06, 'epoch': 2.49}
{'loss': 0.0591, 'learning_rate': 8.433734939759036e-06, 'epoch': 2.5}
{'eval_loss': 0.07163146138191223, 'eval_runtime': 609.196, 'eval_samples_per_second': 137.887, 'eval_steps_per_second': 0.862, 'epoch': 2.5}
{'loss': 0.0573, 'learning_rate': 8.313253012048194e-06, 'epoch': 2.51}
{'loss': 0.0568, 'learning_rate': 8.19277108433735e-06, 'epoch': 2.51}
{'loss': 0.0577, 'learning_rate': 8.072289156626506e-06, 'epoch': 2.52}
{'loss': 0.0586, 'learning_rate': 7.951807228915663e-06, 'epoch': 2.53}
{'loss': 0.0586, 'learning_rate': 7.83132530120482e-06, 'epoch': 2.54}
{'loss': 0.0582, 'learning_rate': 7.710843373493977e-06, 'epoch': 2.54}
{'loss': 0.0594, 'learning_rate': 7.590361445783133e-06, 'epoch': 2.55}
{'loss': 0.0574, 'learning_rate': 7.46987951807229e-06, 'epoch': 2.56}
{'loss': 0.0562, 'learning_rate': 7.349397590361447e-06, 'epoch': 2.56}
{'loss': 0.0567, 'learning_rate': 7.228915662650602e-06, 'epoch': 2.57}
{'eval_loss': 0.07125987112522125, 'eval_runtime': 582.8912, 'eval_samples_per_second': 144.109, 'eval_steps_per_second': 0.901, 'epoch': 2.57}
{'loss': 0.0585, 'learning_rate': 7.1084337349397595e-06, 'epoch': 2.58}
{'loss': 0.0575, 'learning_rate': 6.987951807228917e-06, 'epoch': 2.59}
{'loss': 0.0554, 'learning_rate': 6.867469879518072e-06, 'epoch': 2.59}
{'loss': 0.0556, 'learning_rate': 6.746987951807229e-06, 'epoch': 2.6}
{'loss': 0.0562, 'learning_rate': 6.626506024096386e-06, 'epoch': 2.61}
{'loss': 0.0555, 'learning_rate': 6.506024096385542e-06, 'epoch': 2.61}
{'loss': 0.0559, 'learning_rate': 6.385542168674699e-06, 'epoch': 2.62}
{'loss': 0.059, 'learning_rate': 6.265060240963856e-06, 'epoch': 2.63}
{'loss': 0.0583, 'learning_rate': 6.144578313253013e-06, 'epoch': 2.64}
{'loss': 0.0581, 'learning_rate': 6.024096385542169e-06, 'epoch': 2.64}
{'eval_loss': 0.07112050801515579, 'eval_runtime': 581.4111, 'eval_samples_per_second': 144.476, 'eval_steps_per_second': 0.903, 'epoch': 2.64}
{'loss': 0.0579, 'learning_rate': 5.9036144578313255e-06, 'epoch': 2.65}
{'loss': 0.057, 'learning_rate': 5.783132530120483e-06, 'epoch': 2.66}
{'loss': 0.0548, 'learning_rate': 5.662650602409639e-06, 'epoch': 2.66}
{'loss': 0.0568, 'learning_rate': 5.542168674698795e-06, 'epoch': 2.67}
{'loss': 0.0541, 'learning_rate': 5.421686746987952e-06, 'epoch': 2.68}
{'loss': 0.055, 'learning_rate': 5.3012048192771085e-06, 'epoch': 2.69}
{'loss': 0.0569, 'learning_rate': 5.180722891566266e-06, 'epoch': 2.69}
{'loss': 0.0566, 'learning_rate': 5.060240963855422e-06, 'epoch': 2.7}
{'loss': 0.0553, 'learning_rate': 4.939759036144578e-06, 'epoch': 2.71}
{'loss': 0.0581, 'learning_rate': 4.819277108433735e-06, 'epoch': 2.71}
{'eval_loss': 0.0710606649518013, 'eval_runtime': 579.0967, 'eval_samples_per_second': 145.053, 'eval_steps_per_second': 0.907, 'epoch': 2.71}
{'loss': 0.0583, 'learning_rate': 4.6987951807228915e-06, 'epoch': 2.72}
{'loss': 0.0572, 'learning_rate': 4.578313253012049e-06, 'epoch': 2.73}
{'loss': 0.0566, 'learning_rate': 4.457831325301205e-06, 'epoch': 2.74}
{'loss': 0.0583, 'learning_rate': 4.337349397590362e-06, 'epoch': 2.74}
{'loss': 0.0561, 'learning_rate': 4.216867469879518e-06, 'epoch': 2.75}
{'loss': 0.0562, 'learning_rate': 4.096385542168675e-06, 'epoch': 2.76}
{'loss': 0.059, 'learning_rate': 3.975903614457832e-06, 'epoch': 2.76}
{'loss': 0.0573, 'learning_rate': 3.855421686746989e-06, 'epoch': 2.77}
{'loss': 0.0547, 'learning_rate': 3.734939759036145e-06, 'epoch': 2.78}
{'loss': 0.0568, 'learning_rate': 3.614457831325301e-06, 'epoch': 2.79}
{'eval_loss': 0.07089482247829437, 'eval_runtime': 583.1078, 'eval_samples_per_second': 144.056, 'eval_steps_per_second': 0.9, 'epoch': 2.79}
{'loss': 0.0582, 'learning_rate': 3.4939759036144583e-06, 'epoch': 2.79}
{'loss': 0.0582, 'learning_rate': 3.3734939759036146e-06, 'epoch': 2.8}
{'loss': 0.056, 'learning_rate': 3.253012048192771e-06, 'epoch': 2.81}
{'loss': 0.0555, 'learning_rate': 3.132530120481928e-06, 'epoch': 2.81}
{'loss': 0.0552, 'learning_rate': 3.0120481927710846e-06, 'epoch': 2.82}
{'loss': 0.057, 'learning_rate': 2.8915662650602413e-06, 'epoch': 2.83}
{'loss': 0.0574, 'learning_rate': 2.7710843373493976e-06, 'epoch': 2.84}
{'loss': 0.0545, 'learning_rate': 2.6506024096385542e-06, 'epoch': 2.84}
{'loss': 0.055, 'learning_rate': 2.530120481927711e-06, 'epoch': 2.85}
{'loss': 0.0554, 'learning_rate': 2.4096385542168676e-06, 'epoch': 2.86}
{'eval_loss': 0.07079540193080902, 'eval_runtime': 638.8506, 'eval_samples_per_second': 131.486, 'eval_steps_per_second': 0.822, 'epoch': 2.86}
{'loss': 0.0554, 'learning_rate': 2.2891566265060243e-06, 'epoch': 2.86}
{'loss': 0.0564, 'learning_rate': 2.168674698795181e-06, 'epoch': 2.87}
{'loss': 0.0555, 'learning_rate': 2.0481927710843377e-06, 'epoch': 2.88}
{'loss': 0.056, 'learning_rate': 1.9277108433734943e-06, 'epoch': 2.89}
{'loss': 0.0561, 'learning_rate': 1.8072289156626506e-06, 'epoch': 2.89}
{'loss': 0.0569, 'learning_rate': 1.6867469879518073e-06, 'epoch': 2.9}
{'loss': 0.0558, 'learning_rate': 1.566265060240964e-06, 'epoch': 2.91}
{'loss': 0.0573, 'learning_rate': 1.4457831325301207e-06, 'epoch': 2.91}
{'loss': 0.0556, 'learning_rate': 1.3253012048192771e-06, 'epoch': 2.92}
{'loss': 0.0533, 'learning_rate': 1.2048192771084338e-06, 'epoch': 2.93}
{'eval_loss': 0.07071980834007263, 'eval_runtime': 592.4692, 'eval_samples_per_second': 141.78, 'eval_steps_per_second': 0.886, 'epoch': 2.93}
{'loss': 0.0575, 'learning_rate': 1.0843373493975905e-06, 'epoch': 2.94}
{'loss': 0.0567, 'learning_rate': 9.638554216867472e-07, 'epoch': 2.94}
{'loss': 0.0585, 'learning_rate': 8.433734939759036e-07, 'epoch': 2.95}
{'loss': 0.0568, 'learning_rate': 7.228915662650603e-07, 'epoch': 2.96}
{'loss': 0.0549, 'learning_rate': 6.024096385542169e-07, 'epoch': 2.96}
{'loss': 0.0549, 'learning_rate': 4.819277108433736e-07, 'epoch': 2.97}
{'loss': 0.0556, 'learning_rate': 3.6144578313253016e-07, 'epoch': 2.98}
{'loss': 0.0596, 'learning_rate': 2.409638554216868e-07, 'epoch': 2.99}
{'loss': 0.0567, 'learning_rate': 1.204819277108434e-07, 'epoch': 2.99}
{'loss': 0.0584, 'learning_rate': 0.0, 'epoch': 3.0}
{'eval_loss': 0.07064075767993927, 'eval_runtime': 583.264, 'eval_samples_per_second': 144.017, 'eval_steps_per_second': 0.9, 'epoch': 3.0}
{'train_runtime': 37842.9325, 'train_samples_per_second': 26.636, 'train_steps_per_second': 0.222, 'train_loss': 0.1450710624882153, 'epoch': 3.0}
