{'loss': 10.9461, 'learning_rate': 5.000000000000001e-07, 'epoch': 0.0}
{'loss': 10.2034, 'learning_rate': 1e-05, 'epoch': 0.01}
{'loss': 9.0284, 'learning_rate': 2e-05, 'epoch': 0.01}
{'loss': 6.934, 'learning_rate': 3e-05, 'epoch': 0.02}
{'loss': 3.3451, 'learning_rate': 4e-05, 'epoch': 0.03}
{'loss': 0.4703, 'learning_rate': 5e-05, 'epoch': 0.04}
{'loss': 0.1817, 'learning_rate': 4.987951807228916e-05, 'epoch': 0.04}
{'loss': 0.1546, 'learning_rate': 4.975903614457831e-05, 'epoch': 0.05}
{'loss': 0.1441, 'learning_rate': 4.9638554216867475e-05, 'epoch': 0.06}
{'loss': 0.1377, 'learning_rate': 4.951807228915663e-05, 'epoch': 0.06}
{'loss': 0.1376, 'learning_rate': 4.9397590361445786e-05, 'epoch': 0.07}
{'eval_loss': 0.127595916390419, 'eval_runtime': 632.2385, 'eval_samples_per_second': 132.861, 'eval_steps_per_second': 0.83, 'epoch': 0.07}
{'loss': 0.1312, 'learning_rate': 4.927710843373494e-05, 'epoch': 0.08}
{'loss': 0.1263, 'learning_rate': 4.9156626506024104e-05, 'epoch': 0.09}
{'loss': 0.1209, 'learning_rate': 4.903614457831325e-05, 'epoch': 0.09}
{'loss': 0.1235, 'learning_rate': 4.8915662650602415e-05, 'epoch': 0.1}
{'loss': 0.12, 'learning_rate': 4.879518072289157e-05, 'epoch': 0.11}
{'loss': 0.116, 'learning_rate': 4.8674698795180725e-05, 'epoch': 0.11}
{'loss': 0.1177, 'learning_rate': 4.855421686746988e-05, 'epoch': 0.12}
{'loss': 0.1163, 'learning_rate': 4.843373493975904e-05, 'epoch': 0.13}
{'loss': 0.1154, 'learning_rate': 4.831325301204819e-05, 'epoch': 0.14}
{'loss': 0.1146, 'learning_rate': 4.8192771084337354e-05, 'epoch': 0.14}
{'eval_loss': 0.11097472906112671, 'eval_runtime': 572.3447, 'eval_samples_per_second': 146.765, 'eval_steps_per_second': 0.917, 'epoch': 0.14}
{'loss': 0.1187, 'learning_rate': 4.807228915662651e-05, 'epoch': 0.15}
{'loss': 0.1154, 'learning_rate': 4.7951807228915665e-05, 'epoch': 0.16}
{'loss': 0.1138, 'learning_rate': 4.783132530120482e-05, 'epoch': 0.16}
{'loss': 0.1153, 'learning_rate': 4.771084337349398e-05, 'epoch': 0.17}
{'loss': 0.1139, 'learning_rate': 4.759036144578313e-05, 'epoch': 0.18}
{'loss': 0.1116, 'learning_rate': 4.746987951807229e-05, 'epoch': 0.19}
{'loss': 0.1056, 'learning_rate': 4.734939759036145e-05, 'epoch': 0.19}
{'loss': 0.1136, 'learning_rate': 4.7228915662650604e-05, 'epoch': 0.2}
{'loss': 0.1134, 'learning_rate': 4.710843373493976e-05, 'epoch': 0.21}
{'loss': 0.1112, 'learning_rate': 4.698795180722892e-05, 'epoch': 0.21}
{'eval_loss': 0.1035730317234993, 'eval_runtime': 572.4331, 'eval_samples_per_second': 146.742, 'eval_steps_per_second': 0.917, 'epoch': 0.21}
{'loss': 0.1087, 'learning_rate': 4.686746987951807e-05, 'epoch': 0.22}
{'loss': 0.1015, 'learning_rate': 4.674698795180723e-05, 'epoch': 0.23}
{'loss': 0.1055, 'learning_rate': 4.662650602409639e-05, 'epoch': 0.24}
{'loss': 0.1066, 'learning_rate': 4.650602409638554e-05, 'epoch': 0.24}
{'loss': 0.1046, 'learning_rate': 4.63855421686747e-05, 'epoch': 0.25}
{'loss': 0.1087, 'learning_rate': 4.626506024096386e-05, 'epoch': 0.26}
{'loss': 0.1035, 'learning_rate': 4.614457831325301e-05, 'epoch': 0.26}
{'loss': 0.1062, 'learning_rate': 4.602409638554217e-05, 'epoch': 0.27}
{'loss': 0.1007, 'learning_rate': 4.590361445783133e-05, 'epoch': 0.28}
{'loss': 0.105, 'learning_rate': 4.578313253012048e-05, 'epoch': 0.29}
{'eval_loss': 0.09873706847429276, 'eval_runtime': 575.9912, 'eval_samples_per_second': 145.836, 'eval_steps_per_second': 0.911, 'epoch': 0.29}
{'loss': 0.1016, 'learning_rate': 4.566265060240964e-05, 'epoch': 0.29}
{'loss': 0.104, 'learning_rate': 4.55421686746988e-05, 'epoch': 0.3}
{'loss': 0.103, 'learning_rate': 4.542168674698795e-05, 'epoch': 0.31}
{'loss': 0.0985, 'learning_rate': 4.530120481927711e-05, 'epoch': 0.31}
{'loss': 0.0998, 'learning_rate': 4.5180722891566266e-05, 'epoch': 0.32}
{'loss': 0.1019, 'learning_rate': 4.506024096385542e-05, 'epoch': 0.33}
{'loss': 0.0971, 'learning_rate': 4.493975903614458e-05, 'epoch': 0.34}
{'loss': 0.0993, 'learning_rate': 4.481927710843374e-05, 'epoch': 0.34}
{'loss': 0.1033, 'learning_rate': 4.469879518072289e-05, 'epoch': 0.35}
{'loss': 0.0979, 'learning_rate': 4.457831325301205e-05, 'epoch': 0.36}
{'eval_loss': 0.09516801685094833, 'eval_runtime': 623.69, 'eval_samples_per_second': 134.682, 'eval_steps_per_second': 0.842, 'epoch': 0.36}
{'loss': 0.1005, 'learning_rate': 4.4457831325301206e-05, 'epoch': 0.36}
{'loss': 0.0972, 'learning_rate': 4.433734939759036e-05, 'epoch': 0.37}
{'loss': 0.0969, 'learning_rate': 4.4216867469879516e-05, 'epoch': 0.38}
{'loss': 0.0966, 'learning_rate': 4.409638554216868e-05, 'epoch': 0.39}
{'loss': 0.1007, 'learning_rate': 4.3975903614457834e-05, 'epoch': 0.39}
{'loss': 0.099, 'learning_rate': 4.385542168674699e-05, 'epoch': 0.4}
{'loss': 0.0976, 'learning_rate': 4.3734939759036145e-05, 'epoch': 0.41}
{'loss': 0.0928, 'learning_rate': 4.361445783132531e-05, 'epoch': 0.41}
{'loss': 0.0975, 'learning_rate': 4.3493975903614456e-05, 'epoch': 0.42}
{'loss': 0.0965, 'learning_rate': 4.337349397590362e-05, 'epoch': 0.43}
{'eval_loss': 0.09213044494390488, 'eval_runtime': 574.6539, 'eval_samples_per_second': 146.175, 'eval_steps_per_second': 0.914, 'epoch': 0.43}
{'loss': 0.0962, 'learning_rate': 4.325301204819277e-05, 'epoch': 0.44}
{'loss': 0.0984, 'learning_rate': 4.313253012048193e-05, 'epoch': 0.44}
{'loss': 0.0942, 'learning_rate': 4.3012048192771084e-05, 'epoch': 0.45}
{'loss': 0.0947, 'learning_rate': 4.2891566265060246e-05, 'epoch': 0.46}
{'loss': 0.0952, 'learning_rate': 4.27710843373494e-05, 'epoch': 0.46}
{'loss': 0.0954, 'learning_rate': 4.265060240963856e-05, 'epoch': 0.47}
{'loss': 0.0952, 'learning_rate': 4.253012048192771e-05, 'epoch': 0.48}
{'loss': 0.0924, 'learning_rate': 4.240963855421687e-05, 'epoch': 0.49}
{'loss': 0.0934, 'learning_rate': 4.228915662650603e-05, 'epoch': 0.49}
{'loss': 0.0953, 'learning_rate': 4.2168674698795186e-05, 'epoch': 0.5}
{'eval_loss': 0.08988092839717865, 'eval_runtime': 575.4239, 'eval_samples_per_second': 145.979, 'eval_steps_per_second': 0.912, 'epoch': 0.5}
{'loss': 0.093, 'learning_rate': 4.204819277108434e-05, 'epoch': 0.51}
{'loss': 0.0949, 'learning_rate': 4.1927710843373496e-05, 'epoch': 0.51}
{'loss': 0.0895, 'learning_rate': 4.180722891566265e-05, 'epoch': 0.52}
{'loss': 0.0962, 'learning_rate': 4.168674698795181e-05, 'epoch': 0.53}
{'loss': 0.092, 'learning_rate': 4.156626506024097e-05, 'epoch': 0.54}
{'loss': 0.0912, 'learning_rate': 4.1445783132530125e-05, 'epoch': 0.54}
{'loss': 0.0914, 'learning_rate': 4.132530120481928e-05, 'epoch': 0.55}
{'loss': 0.0914, 'learning_rate': 4.1204819277108436e-05, 'epoch': 0.56}
{'loss': 0.0929, 'learning_rate': 4.10843373493976e-05, 'epoch': 0.56}
{'loss': 0.0923, 'learning_rate': 4.0963855421686746e-05, 'epoch': 0.57}
{'eval_loss': 0.08807064592838287, 'eval_runtime': 576.7419, 'eval_samples_per_second': 145.646, 'eval_steps_per_second': 0.91, 'epoch': 0.57}
{'loss': 0.0929, 'learning_rate': 4.084337349397591e-05, 'epoch': 0.58}
{'loss': 0.0897, 'learning_rate': 4.0722891566265064e-05, 'epoch': 0.59}
{'loss': 0.0912, 'learning_rate': 4.060240963855422e-05, 'epoch': 0.59}
{'loss': 0.0887, 'learning_rate': 4.0481927710843375e-05, 'epoch': 0.6}
{'loss': 0.0907, 'learning_rate': 4.036144578313254e-05, 'epoch': 0.61}
{'loss': 0.0869, 'learning_rate': 4.0240963855421686e-05, 'epoch': 0.61}
{'loss': 0.0896, 'learning_rate': 4.012048192771085e-05, 'epoch': 0.62}
{'loss': 0.0875, 'learning_rate': 4e-05, 'epoch': 0.63}
{'loss': 0.0884, 'learning_rate': 3.987951807228916e-05, 'epoch': 0.64}
{'loss': 0.0919, 'learning_rate': 3.9759036144578314e-05, 'epoch': 0.64}
{'eval_loss': 0.0863843485713005, 'eval_runtime': 576.4789, 'eval_samples_per_second': 145.712, 'eval_steps_per_second': 0.911, 'epoch': 0.64}
{'loss': 0.0905, 'learning_rate': 3.9638554216867476e-05, 'epoch': 0.65}
{'loss': 0.0889, 'learning_rate': 3.9518072289156625e-05, 'epoch': 0.66}
{'loss': 0.095, 'learning_rate': 3.939759036144579e-05, 'epoch': 0.66}
{'loss': 0.0919, 'learning_rate': 3.927710843373494e-05, 'epoch': 0.67}
{'loss': 0.0885, 'learning_rate': 3.91566265060241e-05, 'epoch': 0.68}
{'loss': 0.0867, 'learning_rate': 3.903614457831325e-05, 'epoch': 0.69}
{'loss': 0.0902, 'learning_rate': 3.8915662650602416e-05, 'epoch': 0.69}
{'loss': 0.0881, 'learning_rate': 3.8795180722891564e-05, 'epoch': 0.7}
{'loss': 0.0863, 'learning_rate': 3.8674698795180726e-05, 'epoch': 0.71}
{'loss': 0.0885, 'learning_rate': 3.855421686746988e-05, 'epoch': 0.71}
{'eval_loss': 0.08465059101581573, 'eval_runtime': 630.4795, 'eval_samples_per_second': 133.232, 'eval_steps_per_second': 0.833, 'epoch': 0.71}
{'loss': 0.0868, 'learning_rate': 3.843373493975904e-05, 'epoch': 0.72}
{'loss': 0.0866, 'learning_rate': 3.831325301204819e-05, 'epoch': 0.73}
{'loss': 0.0854, 'learning_rate': 3.8192771084337355e-05, 'epoch': 0.74}
{'loss': 0.0868, 'learning_rate': 3.8072289156626503e-05, 'epoch': 0.74}
{'loss': 0.0878, 'learning_rate': 3.7951807228915666e-05, 'epoch': 0.75}
{'loss': 0.088, 'learning_rate': 3.783132530120482e-05, 'epoch': 0.76}
{'loss': 0.0842, 'learning_rate': 3.7710843373493976e-05, 'epoch': 0.76}
{'loss': 0.0851, 'learning_rate': 3.759036144578313e-05, 'epoch': 0.77}
{'loss': 0.0897, 'learning_rate': 3.7469879518072294e-05, 'epoch': 0.78}
{'loss': 0.0865, 'learning_rate': 3.734939759036144e-05, 'epoch': 0.79}
{'eval_loss': 0.08332416415214539, 'eval_runtime': 582.07, 'eval_samples_per_second': 144.313, 'eval_steps_per_second': 0.902, 'epoch': 0.79}
{'loss': 0.0868, 'learning_rate': 3.7228915662650605e-05, 'epoch': 0.79}
{'loss': 0.0828, 'learning_rate': 3.710843373493976e-05, 'epoch': 0.8}
{'loss': 0.0846, 'learning_rate': 3.6987951807228916e-05, 'epoch': 0.81}
{'loss': 0.0879, 'learning_rate': 3.686746987951807e-05, 'epoch': 0.81}
{'loss': 0.0851, 'learning_rate': 3.674698795180723e-05, 'epoch': 0.82}
{'loss': 0.0875, 'learning_rate': 3.662650602409639e-05, 'epoch': 0.83}
{'loss': 0.0832, 'learning_rate': 3.6506024096385544e-05, 'epoch': 0.84}
{'loss': 0.0875, 'learning_rate': 3.63855421686747e-05, 'epoch': 0.84}
{'loss': 0.0895, 'learning_rate': 3.6265060240963855e-05, 'epoch': 0.85}
{'loss': 0.0877, 'learning_rate': 3.614457831325301e-05, 'epoch': 0.86}
{'eval_loss': 0.08199229091405869, 'eval_runtime': 580.0993, 'eval_samples_per_second': 144.803, 'eval_steps_per_second': 0.905, 'epoch': 0.86}
{'loss': 0.0838, 'learning_rate': 3.602409638554217e-05, 'epoch': 0.86}
{'loss': 0.0852, 'learning_rate': 3.590361445783133e-05, 'epoch': 0.87}
{'loss': 0.0878, 'learning_rate': 3.578313253012048e-05, 'epoch': 0.88}
{'loss': 0.0831, 'learning_rate': 3.566265060240964e-05, 'epoch': 0.89}
{'loss': 0.0844, 'learning_rate': 3.5542168674698794e-05, 'epoch': 0.89}
{'loss': 0.0836, 'learning_rate': 3.5421686746987956e-05, 'epoch': 0.9}
{'loss': 0.0866, 'learning_rate': 3.530120481927711e-05, 'epoch': 0.91}
{'loss': 0.0871, 'learning_rate': 3.518072289156627e-05, 'epoch': 0.91}
{'loss': 0.0829, 'learning_rate': 3.506024096385542e-05, 'epoch': 0.92}
{'loss': 0.0827, 'learning_rate': 3.4939759036144585e-05, 'epoch': 0.93}
{'eval_loss': 0.08087971061468124, 'eval_runtime': 586.5093, 'eval_samples_per_second': 143.22, 'eval_steps_per_second': 0.895, 'epoch': 0.93}
{'loss': 0.0833, 'learning_rate': 3.4819277108433733e-05, 'epoch': 0.94}
{'loss': 0.0862, 'learning_rate': 3.4698795180722896e-05, 'epoch': 0.94}
{'loss': 0.0856, 'learning_rate': 3.457831325301205e-05, 'epoch': 0.95}
{'loss': 0.083, 'learning_rate': 3.4457831325301206e-05, 'epoch': 0.96}
{'loss': 0.0788, 'learning_rate': 3.433734939759036e-05, 'epoch': 0.96}
{'loss': 0.0876, 'learning_rate': 3.4216867469879524e-05, 'epoch': 0.97}
{'loss': 0.0834, 'learning_rate': 3.409638554216867e-05, 'epoch': 0.98}
{'loss': 0.0822, 'learning_rate': 3.3975903614457835e-05, 'epoch': 0.99}
{'loss': 0.0856, 'learning_rate': 3.385542168674699e-05, 'epoch': 0.99}
{'loss': 0.0832, 'learning_rate': 3.3734939759036146e-05, 'epoch': 1.0}
{'eval_loss': 0.07976029068231583, 'eval_runtime': 574.797, 'eval_samples_per_second': 146.139, 'eval_steps_per_second': 0.913, 'epoch': 1.0}
{'loss': 0.0738, 'learning_rate': 3.36144578313253e-05, 'epoch': 1.01}
{'loss': 0.0708, 'learning_rate': 3.349397590361446e-05, 'epoch': 1.01}
{'loss': 0.0705, 'learning_rate': 3.337349397590361e-05, 'epoch': 1.02}
{'loss': 0.0732, 'learning_rate': 3.3253012048192774e-05, 'epoch': 1.03}
{'loss': 0.0721, 'learning_rate': 3.313253012048193e-05, 'epoch': 1.04}
{'loss': 0.071, 'learning_rate': 3.3012048192771085e-05, 'epoch': 1.04}
{'loss': 0.072, 'learning_rate': 3.289156626506024e-05, 'epoch': 1.05}
{'loss': 0.0686, 'learning_rate': 3.27710843373494e-05, 'epoch': 1.06}
{'loss': 0.071, 'learning_rate': 3.265060240963855e-05, 'epoch': 1.06}
{'loss': 0.0713, 'learning_rate': 3.253012048192771e-05, 'epoch': 1.07}
{'eval_loss': 0.07949042320251465, 'eval_runtime': 638.4866, 'eval_samples_per_second': 131.561, 'eval_steps_per_second': 0.822, 'epoch': 1.07}
{'loss': 0.0755, 'learning_rate': 3.240963855421687e-05, 'epoch': 1.08}
{'loss': 0.0711, 'learning_rate': 3.2289156626506024e-05, 'epoch': 1.09}
{'loss': 0.0693, 'learning_rate': 3.216867469879518e-05, 'epoch': 1.09}
{'loss': 0.0719, 'learning_rate': 3.204819277108434e-05, 'epoch': 1.1}
{'loss': 0.0691, 'learning_rate': 3.192771084337349e-05, 'epoch': 1.11}
{'loss': 0.0716, 'learning_rate': 3.180722891566265e-05, 'epoch': 1.11}
{'loss': 0.0717, 'learning_rate': 3.168674698795181e-05, 'epoch': 1.12}
{'loss': 0.0716, 'learning_rate': 3.1566265060240963e-05, 'epoch': 1.13}
{'loss': 0.073, 'learning_rate': 3.144578313253012e-05, 'epoch': 1.14}
{'loss': 0.0721, 'learning_rate': 3.132530120481928e-05, 'epoch': 1.14}
{'eval_loss': 0.07876645773649216, 'eval_runtime': 577.8206, 'eval_samples_per_second': 145.374, 'eval_steps_per_second': 0.909, 'epoch': 1.14}
{'loss': 0.0715, 'learning_rate': 3.1204819277108436e-05, 'epoch': 1.15}
{'loss': 0.0709, 'learning_rate': 3.108433734939759e-05, 'epoch': 1.16}
{'loss': 0.0691, 'learning_rate': 3.096385542168675e-05, 'epoch': 1.16}
{'loss': 0.0736, 'learning_rate': 3.084337349397591e-05, 'epoch': 1.17}
{'loss': 0.0736, 'learning_rate': 3.072289156626506e-05, 'epoch': 1.18}
{'loss': 0.0676, 'learning_rate': 3.060240963855422e-05, 'epoch': 1.19}
{'loss': 0.0725, 'learning_rate': 3.048192771084338e-05, 'epoch': 1.19}
{'loss': 0.0735, 'learning_rate': 3.036144578313253e-05, 'epoch': 1.2}
{'loss': 0.0712, 'learning_rate': 3.024096385542169e-05, 'epoch': 1.21}
{'loss': 0.0691, 'learning_rate': 3.012048192771085e-05, 'epoch': 1.21}
{'eval_loss': 0.07787416130304337, 'eval_runtime': 576.0639, 'eval_samples_per_second': 145.817, 'eval_steps_per_second': 0.911, 'epoch': 1.21}
{'loss': 0.0752, 'learning_rate': 3e-05, 'epoch': 1.22}
{'loss': 0.0732, 'learning_rate': 2.987951807228916e-05, 'epoch': 1.23}
{'loss': 0.07, 'learning_rate': 2.975903614457832e-05, 'epoch': 1.24}
{'loss': 0.0691, 'learning_rate': 2.963855421686747e-05, 'epoch': 1.24}
{'loss': 0.0684, 'learning_rate': 2.951807228915663e-05, 'epoch': 1.25}
{'loss': 0.0708, 'learning_rate': 2.9397590361445788e-05, 'epoch': 1.26}
{'loss': 0.0681, 'learning_rate': 2.927710843373494e-05, 'epoch': 1.26}
{'loss': 0.0694, 'learning_rate': 2.91566265060241e-05, 'epoch': 1.27}
{'loss': 0.0722, 'learning_rate': 2.9036144578313258e-05, 'epoch': 1.28}
{'loss': 0.0693, 'learning_rate': 2.891566265060241e-05, 'epoch': 1.29}
{'eval_loss': 0.07749941945075989, 'eval_runtime': 614.0555, 'eval_samples_per_second': 136.795, 'eval_steps_per_second': 0.855, 'epoch': 1.29}
{'loss': 0.0746, 'learning_rate': 2.879518072289157e-05, 'epoch': 1.29}
{'loss': 0.0736, 'learning_rate': 2.8674698795180727e-05, 'epoch': 1.3}
{'loss': 0.0708, 'learning_rate': 2.855421686746988e-05, 'epoch': 1.31}
{'loss': 0.0699, 'learning_rate': 2.8433734939759038e-05, 'epoch': 1.31}
{'loss': 0.0707, 'learning_rate': 2.8313253012048197e-05, 'epoch': 1.32}
{'loss': 0.0689, 'learning_rate': 2.819277108433735e-05, 'epoch': 1.33}
{'loss': 0.0698, 'learning_rate': 2.8072289156626508e-05, 'epoch': 1.34}
{'loss': 0.0707, 'learning_rate': 2.7951807228915666e-05, 'epoch': 1.34}
{'loss': 0.0699, 'learning_rate': 2.783132530120482e-05, 'epoch': 1.35}
{'loss': 0.0706, 'learning_rate': 2.7710843373493977e-05, 'epoch': 1.36}
{'eval_loss': 0.07654959708452225, 'eval_runtime': 580.9988, 'eval_samples_per_second': 144.579, 'eval_steps_per_second': 0.904, 'epoch': 1.36}
{'loss': 0.07, 'learning_rate': 2.7590361445783136e-05, 'epoch': 1.36}
{'loss': 0.0683, 'learning_rate': 2.7469879518072288e-05, 'epoch': 1.37}
{'loss': 0.0687, 'learning_rate': 2.7349397590361447e-05, 'epoch': 1.38}
{'loss': 0.0666, 'learning_rate': 2.7228915662650606e-05, 'epoch': 1.39}
{'loss': 0.0717, 'learning_rate': 2.7108433734939758e-05, 'epoch': 1.39}
{'loss': 0.0685, 'learning_rate': 2.6987951807228917e-05, 'epoch': 1.4}
{'loss': 0.0675, 'learning_rate': 2.6867469879518075e-05, 'epoch': 1.41}
{'loss': 0.067, 'learning_rate': 2.6746987951807227e-05, 'epoch': 1.41}
{'loss': 0.0676, 'learning_rate': 2.6626506024096386e-05, 'epoch': 1.42}
{'loss': 0.069, 'learning_rate': 2.6506024096385545e-05, 'epoch': 1.43}
{'eval_loss': 0.07614436000585556, 'eval_runtime': 629.6961, 'eval_samples_per_second': 133.398, 'eval_steps_per_second': 0.834, 'epoch': 1.43}
{'loss': 0.0694, 'learning_rate': 2.6385542168674697e-05, 'epoch': 1.44}
{'loss': 0.0684, 'learning_rate': 2.6265060240963856e-05, 'epoch': 1.44}
{'loss': 0.07, 'learning_rate': 2.6144578313253015e-05, 'epoch': 1.45}
{'loss': 0.0692, 'learning_rate': 2.6024096385542167e-05, 'epoch': 1.46}
{'loss': 0.0667, 'learning_rate': 2.5903614457831325e-05, 'epoch': 1.46}
{'loss': 0.0705, 'learning_rate': 2.5783132530120484e-05, 'epoch': 1.47}
{'loss': 0.0697, 'learning_rate': 2.566265060240964e-05, 'epoch': 1.48}
{'loss': 0.0702, 'learning_rate': 2.5542168674698795e-05, 'epoch': 1.49}
{'loss': 0.068, 'learning_rate': 2.5421686746987954e-05, 'epoch': 1.49}
{'loss': 0.0718, 'learning_rate': 2.530120481927711e-05, 'epoch': 1.5}
{'eval_loss': 0.07547396421432495, 'eval_runtime': 577.2397, 'eval_samples_per_second': 145.52, 'eval_steps_per_second': 0.91, 'epoch': 1.5}
{'loss': 0.069, 'learning_rate': 2.5180722891566265e-05, 'epoch': 1.51}
{'loss': 0.069, 'learning_rate': 2.5060240963855423e-05, 'epoch': 1.51}
{'loss': 0.0674, 'learning_rate': 2.493975903614458e-05, 'epoch': 1.52}
{'loss': 0.068, 'learning_rate': 2.4819277108433738e-05, 'epoch': 1.53}
{'loss': 0.0721, 'learning_rate': 2.4698795180722893e-05, 'epoch': 1.54}
{'loss': 0.0684, 'learning_rate': 2.4578313253012052e-05, 'epoch': 1.54}
{'loss': 0.0721, 'learning_rate': 2.4457831325301207e-05, 'epoch': 1.55}
{'loss': 0.0679, 'learning_rate': 2.4337349397590363e-05, 'epoch': 1.56}
{'loss': 0.0693, 'learning_rate': 2.421686746987952e-05, 'epoch': 1.56}
{'loss': 0.0682, 'learning_rate': 2.4096385542168677e-05, 'epoch': 1.57}
{'eval_loss': 0.07495804876089096, 'eval_runtime': 578.15, 'eval_samples_per_second': 145.291, 'eval_steps_per_second': 0.908, 'epoch': 1.57}
{'loss': 0.0682, 'learning_rate': 2.3975903614457832e-05, 'epoch': 1.58}
{'loss': 0.0698, 'learning_rate': 2.385542168674699e-05, 'epoch': 1.59}
{'loss': 0.0658, 'learning_rate': 2.3734939759036147e-05, 'epoch': 1.59}
{'loss': 0.0649, 'learning_rate': 2.3614457831325302e-05, 'epoch': 1.6}
{'loss': 0.0704, 'learning_rate': 2.349397590361446e-05, 'epoch': 1.61}
{'loss': 0.0685, 'learning_rate': 2.3373493975903616e-05, 'epoch': 1.61}
{'loss': 0.0707, 'learning_rate': 2.325301204819277e-05, 'epoch': 1.62}
{'loss': 0.0701, 'learning_rate': 2.313253012048193e-05, 'epoch': 1.63}
{'loss': 0.0664, 'learning_rate': 2.3012048192771086e-05, 'epoch': 1.64}
{'loss': 0.0686, 'learning_rate': 2.289156626506024e-05, 'epoch': 1.64}
{'eval_loss': 0.07431826740503311, 'eval_runtime': 582.8987, 'eval_samples_per_second': 144.107, 'eval_steps_per_second': 0.901, 'epoch': 1.64}
{'loss': 0.0639, 'learning_rate': 2.27710843373494e-05, 'epoch': 1.65}
{'loss': 0.0672, 'learning_rate': 2.2650602409638555e-05, 'epoch': 1.66}
{'loss': 0.0704, 'learning_rate': 2.253012048192771e-05, 'epoch': 1.66}
{'loss': 0.0678, 'learning_rate': 2.240963855421687e-05, 'epoch': 1.67}
{'loss': 0.0689, 'learning_rate': 2.2289156626506025e-05, 'epoch': 1.68}
{'loss': 0.072, 'learning_rate': 2.216867469879518e-05, 'epoch': 1.69}
{'loss': 0.07, 'learning_rate': 2.204819277108434e-05, 'epoch': 1.69}
{'loss': 0.0669, 'learning_rate': 2.1927710843373495e-05, 'epoch': 1.7}
{'loss': 0.0653, 'learning_rate': 2.1807228915662654e-05, 'epoch': 1.71}
{'loss': 0.0683, 'learning_rate': 2.168674698795181e-05, 'epoch': 1.71}
{'eval_loss': 0.07392909377813339, 'eval_runtime': 600.4821, 'eval_samples_per_second': 139.888, 'eval_steps_per_second': 0.874, 'epoch': 1.71}
{'loss': 0.0671, 'learning_rate': 2.1566265060240964e-05, 'epoch': 1.72}
{'loss': 0.0691, 'learning_rate': 2.1445783132530123e-05, 'epoch': 1.73}
{'loss': 0.0683, 'learning_rate': 2.132530120481928e-05, 'epoch': 1.74}
{'loss': 0.0676, 'learning_rate': 2.1204819277108434e-05, 'epoch': 1.74}
{'loss': 0.0699, 'learning_rate': 2.1084337349397593e-05, 'epoch': 1.75}
{'loss': 0.068, 'learning_rate': 2.0963855421686748e-05, 'epoch': 1.76}
{'loss': 0.0659, 'learning_rate': 2.0843373493975904e-05, 'epoch': 1.76}
{'loss': 0.0717, 'learning_rate': 2.0722891566265062e-05, 'epoch': 1.77}
{'loss': 0.0676, 'learning_rate': 2.0602409638554218e-05, 'epoch': 1.78}
{'loss': 0.0704, 'learning_rate': 2.0481927710843373e-05, 'epoch': 1.79}
{'eval_loss': 0.07324983179569244, 'eval_runtime': 652.5276, 'eval_samples_per_second': 128.73, 'eval_steps_per_second': 0.805, 'epoch': 1.79}
{'loss': 0.0696, 'learning_rate': 2.0361445783132532e-05, 'epoch': 1.79}
{'loss': 0.0663, 'learning_rate': 2.0240963855421687e-05, 'epoch': 1.8}
{'loss': 0.0677, 'learning_rate': 2.0120481927710843e-05, 'epoch': 1.81}
{'loss': 0.0669, 'learning_rate': 2e-05, 'epoch': 1.81}
{'loss': 0.0647, 'learning_rate': 1.9879518072289157e-05, 'epoch': 1.82}
{'loss': 0.0672, 'learning_rate': 1.9759036144578312e-05, 'epoch': 1.83}
{'loss': 0.0679, 'learning_rate': 1.963855421686747e-05, 'epoch': 1.84}
{'loss': 0.065, 'learning_rate': 1.9518072289156627e-05, 'epoch': 1.84}
{'loss': 0.0653, 'learning_rate': 1.9397590361445782e-05, 'epoch': 1.85}
{'loss': 0.0689, 'learning_rate': 1.927710843373494e-05, 'epoch': 1.86}
{'eval_loss': 0.0726870596408844, 'eval_runtime': 584.1987, 'eval_samples_per_second': 143.787, 'eval_steps_per_second': 0.899, 'epoch': 1.86}
{'loss': 0.0658, 'learning_rate': 1.9156626506024096e-05, 'epoch': 1.86}
{'loss': 0.0699, 'learning_rate': 1.9036144578313252e-05, 'epoch': 1.87}
{'loss': 0.0664, 'learning_rate': 1.891566265060241e-05, 'epoch': 1.88}
{'loss': 0.0668, 'learning_rate': 1.8795180722891566e-05, 'epoch': 1.89}
{'loss': 0.0674, 'learning_rate': 1.867469879518072e-05, 'epoch': 1.89}
{'loss': 0.0702, 'learning_rate': 1.855421686746988e-05, 'epoch': 1.9}
{'loss': 0.0684, 'learning_rate': 1.8433734939759036e-05, 'epoch': 1.91}
{'loss': 0.0657, 'learning_rate': 1.8313253012048194e-05, 'epoch': 1.91}
{'loss': 0.0659, 'learning_rate': 1.819277108433735e-05, 'epoch': 1.92}
{'loss': 0.0671, 'learning_rate': 1.8072289156626505e-05, 'epoch': 1.93}
{'eval_loss': 0.07227446883916855, 'eval_runtime': 577.5157, 'eval_samples_per_second': 145.451, 'eval_steps_per_second': 0.909, 'epoch': 1.93}
{'loss': 0.0666, 'learning_rate': 1.7951807228915664e-05, 'epoch': 1.94}
{'loss': 0.0695, 'learning_rate': 1.783132530120482e-05, 'epoch': 1.94}
{'loss': 0.0658, 'learning_rate': 1.7710843373493978e-05, 'epoch': 1.95}
{'loss': 0.0658, 'learning_rate': 1.7590361445783134e-05, 'epoch': 1.96}
{'loss': 0.0664, 'learning_rate': 1.7469879518072292e-05, 'epoch': 1.96}
{'loss': 0.0664, 'learning_rate': 1.7349397590361448e-05, 'epoch': 1.97}
{'loss': 0.0634, 'learning_rate': 1.7228915662650603e-05, 'epoch': 1.98}
{'loss': 0.0669, 'learning_rate': 1.7108433734939762e-05, 'epoch': 1.99}
{'loss': 0.0666, 'learning_rate': 1.6987951807228917e-05, 'epoch': 1.99}
{'loss': 0.0656, 'learning_rate': 1.6867469879518073e-05, 'epoch': 2.0}
{'eval_loss': 0.07188780605792999, 'eval_runtime': 581.1765, 'eval_samples_per_second': 144.534, 'eval_steps_per_second': 0.903, 'epoch': 2.0}
{'loss': 0.0579, 'learning_rate': 1.674698795180723e-05, 'epoch': 2.01}
{'loss': 0.0564, 'learning_rate': 1.6626506024096387e-05, 'epoch': 2.01}
{'loss': 0.0571, 'learning_rate': 1.6506024096385542e-05, 'epoch': 2.02}
{'loss': 0.058, 'learning_rate': 1.63855421686747e-05, 'epoch': 2.03}
{'loss': 0.0586, 'learning_rate': 1.6265060240963857e-05, 'epoch': 2.04}
{'loss': 0.0563, 'learning_rate': 1.6144578313253012e-05, 'epoch': 2.04}
{'loss': 0.0587, 'learning_rate': 1.602409638554217e-05, 'epoch': 2.05}
{'loss': 0.0569, 'learning_rate': 1.5903614457831326e-05, 'epoch': 2.06}
{'loss': 0.0567, 'learning_rate': 1.5783132530120482e-05, 'epoch': 2.06}
{'loss': 0.0614, 'learning_rate': 1.566265060240964e-05, 'epoch': 2.07}
{'eval_loss': 0.0727427676320076, 'eval_runtime': 601.8737, 'eval_samples_per_second': 139.564, 'eval_steps_per_second': 0.872, 'epoch': 2.07}
{'loss': 0.0588, 'learning_rate': 1.5542168674698796e-05, 'epoch': 2.08}
{'loss': 0.057, 'learning_rate': 1.5421686746987955e-05, 'epoch': 2.09}
{'loss': 0.0618, 'learning_rate': 1.530120481927711e-05, 'epoch': 2.09}
{'loss': 0.0581, 'learning_rate': 1.5180722891566266e-05, 'epoch': 2.1}
{'loss': 0.0586, 'learning_rate': 1.5060240963855424e-05, 'epoch': 2.11}
{'loss': 0.0595, 'learning_rate': 1.493975903614458e-05, 'epoch': 2.11}
{'loss': 0.0577, 'learning_rate': 1.4819277108433735e-05, 'epoch': 2.12}
{'loss': 0.06, 'learning_rate': 1.4698795180722894e-05, 'epoch': 2.13}
{'loss': 0.0569, 'learning_rate': 1.457831325301205e-05, 'epoch': 2.14}
{'loss': 0.0569, 'learning_rate': 1.4457831325301205e-05, 'epoch': 2.14}
{'eval_loss': 0.07252995669841766, 'eval_runtime': 607.4075, 'eval_samples_per_second': 138.293, 'eval_steps_per_second': 0.864, 'epoch': 2.14}
{'loss': 0.0577, 'learning_rate': 1.4337349397590364e-05, 'epoch': 2.15}
{'loss': 0.0574, 'learning_rate': 1.4216867469879519e-05, 'epoch': 2.16}
{'loss': 0.0591, 'learning_rate': 1.4096385542168674e-05, 'epoch': 2.16}
{'loss': 0.0559, 'learning_rate': 1.3975903614457833e-05, 'epoch': 2.17}
{'loss': 0.058, 'learning_rate': 1.3855421686746989e-05, 'epoch': 2.18}
{'loss': 0.0569, 'learning_rate': 1.3734939759036144e-05, 'epoch': 2.19}
{'loss': 0.0565, 'learning_rate': 1.3614457831325303e-05, 'epoch': 2.19}
{'loss': 0.0588, 'learning_rate': 1.3493975903614458e-05, 'epoch': 2.2}
{'loss': 0.0573, 'learning_rate': 1.3373493975903614e-05, 'epoch': 2.21}
{'loss': 0.0566, 'learning_rate': 1.3253012048192772e-05, 'epoch': 2.21}
{'eval_loss': 0.0721268504858017, 'eval_runtime': 581.3756, 'eval_samples_per_second': 144.485, 'eval_steps_per_second': 0.903, 'epoch': 2.21}
{'loss': 0.0605, 'learning_rate': 1.3132530120481928e-05, 'epoch': 2.22}
{'loss': 0.0614, 'learning_rate': 1.3012048192771083e-05, 'epoch': 2.23}
{'loss': 0.0593, 'learning_rate': 1.2891566265060242e-05, 'epoch': 2.24}
{'loss': 0.0581, 'learning_rate': 1.2771084337349398e-05, 'epoch': 2.24}
{'loss': 0.0594, 'learning_rate': 1.2650602409638555e-05, 'epoch': 2.25}
{'loss': 0.0578, 'learning_rate': 1.2530120481927712e-05, 'epoch': 2.26}
{'loss': 0.0568, 'learning_rate': 1.2409638554216869e-05, 'epoch': 2.26}
{'loss': 0.0585, 'learning_rate': 1.2289156626506026e-05, 'epoch': 2.27}
{'loss': 0.0581, 'learning_rate': 1.2168674698795181e-05, 'epoch': 2.28}
{'loss': 0.058, 'learning_rate': 1.2048192771084338e-05, 'epoch': 2.29}
{'eval_loss': 0.0718047246336937, 'eval_runtime': 582.8889, 'eval_samples_per_second': 144.11, 'eval_steps_per_second': 0.901, 'epoch': 2.29}
{'loss': 0.0575, 'learning_rate': 1.1927710843373496e-05, 'epoch': 2.29}
{'loss': 0.0585, 'learning_rate': 1.1807228915662651e-05, 'epoch': 2.3}
{'loss': 0.0573, 'learning_rate': 1.1686746987951808e-05, 'epoch': 2.31}
{'loss': 0.0574, 'learning_rate': 1.1566265060240965e-05, 'epoch': 2.31}
{'loss': 0.0572, 'learning_rate': 1.144578313253012e-05, 'epoch': 2.32}
{'loss': 0.0581, 'learning_rate': 1.1325301204819278e-05, 'epoch': 2.33}
{'loss': 0.0598, 'learning_rate': 1.1204819277108435e-05, 'epoch': 2.34}
{'loss': 0.0584, 'learning_rate': 1.108433734939759e-05, 'epoch': 2.34}
{'loss': 0.0575, 'learning_rate': 1.0963855421686747e-05, 'epoch': 2.35}
{'loss': 0.0587, 'learning_rate': 1.0843373493975904e-05, 'epoch': 2.36}
{'eval_loss': 0.07161232084035873, 'eval_runtime': 599.0679, 'eval_samples_per_second': 140.218, 'eval_steps_per_second': 0.876, 'epoch': 2.36}
{'loss': 0.0557, 'learning_rate': 1.0722891566265062e-05, 'epoch': 2.36}
{'loss': 0.0557, 'learning_rate': 1.0602409638554217e-05, 'epoch': 2.37}
{'loss': 0.0563, 'learning_rate': 1.0481927710843374e-05, 'epoch': 2.38}
{'loss': 0.057, 'learning_rate': 1.0361445783132531e-05, 'epoch': 2.39}
{'loss': 0.0558, 'learning_rate': 1.0240963855421687e-05, 'epoch': 2.39}
{'loss': 0.0558, 'learning_rate': 1.0120481927710844e-05, 'epoch': 2.4}
{'loss': 0.0568, 'learning_rate': 1e-05, 'epoch': 2.41}
{'loss': 0.055, 'learning_rate': 9.879518072289156e-06, 'epoch': 2.41}
{'loss': 0.0585, 'learning_rate': 9.759036144578313e-06, 'epoch': 2.42}
{'loss': 0.0557, 'learning_rate': 9.63855421686747e-06, 'epoch': 2.43}
{'eval_loss': 0.07145451754331589, 'eval_runtime': 587.9757, 'eval_samples_per_second': 142.863, 'eval_steps_per_second': 0.893, 'epoch': 2.43}
{'loss': 0.0567, 'learning_rate': 9.518072289156626e-06, 'epoch': 2.44}
{'loss': 0.0589, 'learning_rate': 9.397590361445783e-06, 'epoch': 2.44}
{'loss': 0.0556, 'learning_rate': 9.27710843373494e-06, 'epoch': 2.45}
{'loss': 0.0576, 'learning_rate': 9.156626506024097e-06, 'epoch': 2.46}
{'loss': 0.0559, 'learning_rate': 9.036144578313253e-06, 'epoch': 2.46}
{'loss': 0.0567, 'learning_rate': 8.91566265060241e-06, 'epoch': 2.47}
{'loss': 0.0582, 'learning_rate': 8.795180722891567e-06, 'epoch': 2.48}
{'loss': 0.0564, 'learning_rate': 8.674698795180724e-06, 'epoch': 2.49}
{'loss': 0.0562, 'learning_rate': 8.554216867469881e-06, 'epoch': 2.49}
{'loss': 0.0561, 'learning_rate': 8.433734939759036e-06, 'epoch': 2.5}
{'eval_loss': 0.07122338563203812, 'eval_runtime': 665.8494, 'eval_samples_per_second': 126.155, 'eval_steps_per_second': 0.788, 'epoch': 2.5}
{'loss': 0.0576, 'learning_rate': 8.313253012048194e-06, 'epoch': 2.51}
{'loss': 0.0571, 'learning_rate': 8.19277108433735e-06, 'epoch': 2.51}
{'loss': 0.0572, 'learning_rate': 8.072289156626506e-06, 'epoch': 2.52}
{'loss': 0.0562, 'learning_rate': 7.951807228915663e-06, 'epoch': 2.53}
{'loss': 0.0546, 'learning_rate': 7.83132530120482e-06, 'epoch': 2.54}
{'loss': 0.0562, 'learning_rate': 7.710843373493977e-06, 'epoch': 2.54}
{'loss': 0.0588, 'learning_rate': 7.590361445783133e-06, 'epoch': 2.55}
{'loss': 0.0569, 'learning_rate': 7.46987951807229e-06, 'epoch': 2.56}
{'loss': 0.0559, 'learning_rate': 7.349397590361447e-06, 'epoch': 2.56}
{'loss': 0.057, 'learning_rate': 7.228915662650602e-06, 'epoch': 2.57}
{'eval_loss': 0.07097556442022324, 'eval_runtime': 579.4604, 'eval_samples_per_second': 144.962, 'eval_steps_per_second': 0.906, 'epoch': 2.57}
{'loss': 0.0586, 'learning_rate': 7.1084337349397595e-06, 'epoch': 2.58}
{'loss': 0.0591, 'learning_rate': 6.987951807228917e-06, 'epoch': 2.59}
{'loss': 0.0586, 'learning_rate': 6.867469879518072e-06, 'epoch': 2.59}
{'loss': 0.0557, 'learning_rate': 6.746987951807229e-06, 'epoch': 2.6}
{'loss': 0.0582, 'learning_rate': 6.626506024096386e-06, 'epoch': 2.61}
{'loss': 0.0555, 'learning_rate': 6.506024096385542e-06, 'epoch': 2.61}
{'loss': 0.0577, 'learning_rate': 6.385542168674699e-06, 'epoch': 2.62}
{'loss': 0.0554, 'learning_rate': 6.265060240963856e-06, 'epoch': 2.63}
{'loss': 0.0561, 'learning_rate': 6.144578313253013e-06, 'epoch': 2.64}
{'loss': 0.0583, 'learning_rate': 6.024096385542169e-06, 'epoch': 2.64}
{'eval_loss': 0.07082949578762054, 'eval_runtime': 576.041, 'eval_samples_per_second': 145.823, 'eval_steps_per_second': 0.911, 'epoch': 2.64}
{'loss': 0.0583, 'learning_rate': 5.9036144578313255e-06, 'epoch': 2.65}
{'loss': 0.054, 'learning_rate': 5.783132530120483e-06, 'epoch': 2.66}
{'loss': 0.0566, 'learning_rate': 5.662650602409639e-06, 'epoch': 2.66}
{'loss': 0.0539, 'learning_rate': 5.542168674698795e-06, 'epoch': 2.67}
{'loss': 0.0567, 'learning_rate': 5.421686746987952e-06, 'epoch': 2.68}
{'loss': 0.0577, 'learning_rate': 5.3012048192771085e-06, 'epoch': 2.69}
{'loss': 0.0553, 'learning_rate': 5.180722891566266e-06, 'epoch': 2.69}
{'loss': 0.0576, 'learning_rate': 5.060240963855422e-06, 'epoch': 2.7}
{'loss': 0.0576, 'learning_rate': 4.939759036144578e-06, 'epoch': 2.71}
{'loss': 0.0572, 'learning_rate': 4.819277108433735e-06, 'epoch': 2.71}
{'eval_loss': 0.07061538845300674, 'eval_runtime': 593.2529, 'eval_samples_per_second': 141.592, 'eval_steps_per_second': 0.885, 'epoch': 2.71}
{'loss': 0.0588, 'learning_rate': 4.6987951807228915e-06, 'epoch': 2.72}
{'loss': 0.0573, 'learning_rate': 4.578313253012049e-06, 'epoch': 2.73}
{'loss': 0.0552, 'learning_rate': 4.457831325301205e-06, 'epoch': 2.74}
{'loss': 0.0577, 'learning_rate': 4.337349397590362e-06, 'epoch': 2.74}
{'loss': 0.0566, 'learning_rate': 4.216867469879518e-06, 'epoch': 2.75}
{'loss': 0.0553, 'learning_rate': 4.096385542168675e-06, 'epoch': 2.76}
{'loss': 0.0581, 'learning_rate': 3.975903614457832e-06, 'epoch': 2.76}
{'loss': 0.0549, 'learning_rate': 3.855421686746989e-06, 'epoch': 2.77}
{'loss': 0.0578, 'learning_rate': 3.734939759036145e-06, 'epoch': 2.78}
{'loss': 0.0568, 'learning_rate': 3.614457831325301e-06, 'epoch': 2.79}
{'eval_loss': 0.07044757902622223, 'eval_runtime': 574.7823, 'eval_samples_per_second': 146.142, 'eval_steps_per_second': 0.913, 'epoch': 2.79}
{'loss': 0.0565, 'learning_rate': 3.4939759036144583e-06, 'epoch': 2.79}
{'loss': 0.0571, 'learning_rate': 3.3734939759036146e-06, 'epoch': 2.8}
{'loss': 0.0559, 'learning_rate': 3.253012048192771e-06, 'epoch': 2.81}
{'loss': 0.057, 'learning_rate': 3.132530120481928e-06, 'epoch': 2.81}
{'loss': 0.0581, 'learning_rate': 3.0120481927710846e-06, 'epoch': 2.82}
{'loss': 0.0559, 'learning_rate': 2.8915662650602413e-06, 'epoch': 2.83}
{'loss': 0.0595, 'learning_rate': 2.7710843373493976e-06, 'epoch': 2.84}
{'loss': 0.059, 'learning_rate': 2.6506024096385542e-06, 'epoch': 2.84}
{'loss': 0.0556, 'learning_rate': 2.530120481927711e-06, 'epoch': 2.85}
{'loss': 0.0542, 'learning_rate': 2.4096385542168676e-06, 'epoch': 2.86}
{'eval_loss': 0.0703430026769638, 'eval_runtime': 593.7402, 'eval_samples_per_second': 141.476, 'eval_steps_per_second': 0.884, 'epoch': 2.86}
{'loss': 0.0598, 'learning_rate': 2.2891566265060243e-06, 'epoch': 2.86}
{'loss': 0.0573, 'learning_rate': 2.168674698795181e-06, 'epoch': 2.87}
{'loss': 0.0572, 'learning_rate': 2.0481927710843377e-06, 'epoch': 2.88}
{'loss': 0.0587, 'learning_rate': 1.9277108433734943e-06, 'epoch': 2.89}
{'loss': 0.0586, 'learning_rate': 1.8072289156626506e-06, 'epoch': 2.89}
{'loss': 0.0582, 'learning_rate': 1.6867469879518073e-06, 'epoch': 2.9}
{'loss': 0.0585, 'learning_rate': 1.566265060240964e-06, 'epoch': 2.91}
{'loss': 0.0568, 'learning_rate': 1.4457831325301207e-06, 'epoch': 2.91}
{'loss': 0.0567, 'learning_rate': 1.3253012048192771e-06, 'epoch': 2.92}
{'loss': 0.0563, 'learning_rate': 1.2048192771084338e-06, 'epoch': 2.93}
{'eval_loss': 0.0702587142586708, 'eval_runtime': 572.4578, 'eval_samples_per_second': 146.736, 'eval_steps_per_second': 0.917, 'epoch': 2.93}
{'loss': 0.0551, 'learning_rate': 1.0843373493975905e-06, 'epoch': 2.94}
{'loss': 0.0586, 'learning_rate': 9.638554216867472e-07, 'epoch': 2.94}
{'loss': 0.0573, 'learning_rate': 8.433734939759036e-07, 'epoch': 2.95}
{'loss': 0.0555, 'learning_rate': 7.228915662650603e-07, 'epoch': 2.96}
{'loss': 0.0591, 'learning_rate': 6.024096385542169e-07, 'epoch': 2.96}
{'loss': 0.0593, 'learning_rate': 4.819277108433736e-07, 'epoch': 2.97}
{'loss': 0.0575, 'learning_rate': 3.6144578313253016e-07, 'epoch': 2.98}
{'loss': 0.0539, 'learning_rate': 2.409638554216868e-07, 'epoch': 2.99}
{'loss': 0.0562, 'learning_rate': 1.204819277108434e-07, 'epoch': 2.99}
{'loss': 0.0565, 'learning_rate': 0.0, 'epoch': 3.0}
{'eval_loss': 0.07019691914319992, 'eval_runtime': 571.2483, 'eval_samples_per_second': 147.046, 'eval_steps_per_second': 0.919, 'epoch': 3.0}
{'train_runtime': 37945.5981, 'train_samples_per_second': 26.564, 'train_steps_per_second': 0.221, 'train_loss': 0.14508658890213286, 'epoch': 3.0}
